Added Component: Designator=ICSP(MHDR2X3)
Add component (AddParameter): Name = "LatestRevisionDate"; Value = "17-Jul-2002"; VariantName = "[No Variations]"
Add component (AddParameter): Name = "LatestRevisionNote"; Value = "Re-released for DXP Platform."; VariantName = "[No Variations]"
Add component (AddParameter): Name = "Publisher"; Value = "Altium Limited"; VariantName = "[No Variations]"
Added Pin To Net: NetName=CTRL_SIG1 Pin=1-1
Added Pin To Net: NetName=BAT+ Pin=1-2
Added Pin To Net: NetName=BAT+ Pin=3-1
Added Pin To Net: NetName=CTRL_SIG4 Pin=3-2
Added Pin To Net: NetName=BAT+ Pin=4-1
Added Pin To Net: NetName=CTRL_SIG3 Pin=4-2
Added Pin To Net: NetName=BAT+ Pin=5-1
Added Pin To Net: NetName=CTRL_SIG2 Pin=5-2
Added Pin To Net: NetName=+5 Pin=C1-1
Added Pin To Net: NetName=GND Pin=C1-2
Added Pin To Net: NetName=GND Pin=C2-1
Added Pin To Net: NetName=RST Pin=C2-2
Added Pin To Net: NetName=+5 Pin=C3-1
Added Pin To Net: NetName=GND Pin=C3-2
Added Pin To Net: NetName=+5 Pin=C4-1
Added Pin To Net: NetName=GND Pin=C4-2
Added Pin To Net: NetName=NetC5_1 Pin=C5-1
Added Pin To Net: NetName=GND Pin=C5-2
Added Pin To Net: NetName=RST Pin=C6-1
Added Pin To Net: NetName=NetC6_2 Pin=C6-2
Added Pin To Net: NetName=GND Pin=C7-1
Added Pin To Net: NetName=+5 Pin=C7-2
Added Pin To Net: NetName=GND Pin=C8-1
Added Pin To Net: NetName=+5 Pin=C8-2
Added Pin To Net: NetName=GND Pin=C9-1
Added Pin To Net: NetName=+5 Pin=C9-2
Added Pin To Net: NetName=GND Pin=C10-1
Added Pin To Net: NetName=+5 Pin=C10-2
Added Pin To Net: NetName=GND Pin=C11-1
Added Pin To Net: NetName=+5 Pin=C11-2
Added Pin To Net: NetName=GND Pin=C12-1
Added Pin To Net: NetName=+5 Pin=C12-2
Added Pin To Net: NetName=GND Pin=C13-1
Added Pin To Net: NetName=+5 Pin=C13-2
Added Pin To Net: NetName=GND Pin=C14-1
Added Pin To Net: NetName=+5 Pin=C14-2
Added Pin To Net: NetName=GND Pin=C15-1
Added Pin To Net: NetName=+5 Pin=C15-2
Added Pin To Net: NetName=GND Pin=C16-1
Added Pin To Net: NetName=+5 Pin=C16-2
Added Pin To Net: NetName=GND Pin=C17-1
Added Pin To Net: NetName=+5 Pin=C17-2
Added Pin To Net: NetName=GND Pin=C18-1
Added Pin To Net: NetName=+5 Pin=C18-2
Added Pin To Net: NetName=GND Pin=C19-1
Added Pin To Net: NetName=+5 Pin=C19-2
Added Pin To Net: NetName=GND Pin=C20-1
Added Pin To Net: NetName=+5 Pin=C20-2
Added Pin To Net: NetName=NetC21_1 Pin=C21-1
Added Pin To Net: NetName=GND Pin=C21-2
Added Pin To Net: NetName=SPI_MISO Pin=ICSP-1
Added Pin To Net: NetName=+5 Pin=ICSP-2
Added Pin To Net: NetName=SPI_SCK Pin=ICSP-3
Added Pin To Net: NetName=SPI_MOSI Pin=ICSP-4
Added Pin To Net: NetName=RST Pin=ICSP-5
Added Pin To Net: NetName=GND Pin=ICSP-6
Added Pin To Net: NetName=BAT- Pin=J2-A1
Added Pin To Net: NetName=CTRL_SIG1 Pin=J2-A2
Added Pin To Net: NetName=CTRL_SIG2 Pin=J2-A3
Added Pin To Net: NetName=BAT+ Pin=J2-A4
Added Pin To Net: NetName=BAT+ Pin=J2-A9
Added Pin To Net: NetName=CTRL_SIG3 Pin=J2-A10
Added Pin To Net: NetName=CTRL_SIG4 Pin=J2-A11
Added Pin To Net: NetName=BAT- Pin=J2-A12
Added Pin To Net: NetName=BAT- Pin=J2-B1
Added Pin To Net: NetName=CTRL_SIG1 Pin=J2-B2
Added Pin To Net: NetName=CTRL_SIG2 Pin=J2-B3
Added Pin To Net: NetName=BAT+ Pin=J2-B4
Added Pin To Net: NetName=BAT+ Pin=J2-B9
Added Pin To Net: NetName=CTRL_SIG3 Pin=J2-B10
Added Pin To Net: NetName=CTRL_SIG4 Pin=J2-B11
Added Pin To Net: NetName=BAT- Pin=J2-B12
Added Pin To Net: NetName=+5 Pin=LD1_U_Column1-1
Added Pin To Net: NetName=NetLD1_U_Column1_2 Pin=LD1_U_Column1-2
Added Pin To Net: NetName=GND Pin=LD1_U_Column1-3
Added Pin To Net: NetName=DO1 Pin=LD1_U_Column1-4
Added Pin To Net: NetName=+5 Pin=LD1_U_Column2-1
Added Pin To Net: NetName=NetLD1_U_Column2_2 Pin=LD1_U_Column2-2
Added Pin To Net: NetName=GND Pin=LD1_U_Column2-3
Added Pin To Net: NetName=NetLD1_U_Column2_4 Pin=LD1_U_Column2-4
Added Pin To Net: NetName=+5 Pin=LD1_U_Column3-1
Added Pin To Net: NetName=NetLD1_U_Column3_2 Pin=LD1_U_Column3-2
Added Pin To Net: NetName=GND Pin=LD1_U_Column3-3
Added Pin To Net: NetName=NetLD1_U_Column3_4 Pin=LD1_U_Column3-4
Added Pin To Net: NetName=+5 Pin=LD1_U_Column4-1
Added Pin To Net: NetName=NetLD1_U_Column4_2 Pin=LD1_U_Column4-2
Added Pin To Net: NetName=GND Pin=LD1_U_Column4-3
Added Pin To Net: NetName=NetLD1_U_Column4_4 Pin=LD1_U_Column4-4
Added Pin To Net: NetName=+5 Pin=LD1_U_Column5-1
Added Pin To Net: NetName=NetLD1_U_Column5_2 Pin=LD1_U_Column5-2
Added Pin To Net: NetName=GND Pin=LD1_U_Column5-3
Added Pin To Net: NetName=NetLD1_U_Column5_4 Pin=LD1_U_Column5-4
Added Pin To Net: NetName=+5 Pin=LD1_U_Column6-1
Added Pin To Net: NetName=NetLD1_U_Column6_2 Pin=LD1_U_Column6-2
Added Pin To Net: NetName=GND Pin=LD1_U_Column6-3
Added Pin To Net: NetName=NetLD1_U_Column6_4 Pin=LD1_U_Column6-4
Added Pin To Net: NetName=+5 Pin=LD1_U_Column7-1
Added Pin To Net: NetName=NetLD1_U_Column7_2 Pin=LD1_U_Column7-2
Added Pin To Net: NetName=GND Pin=LD1_U_Column7-3
Added Pin To Net: NetName=NetLD1_U_Column7_4 Pin=LD1_U_Column7-4
Added Pin To Net: NetName=+5 Pin=LD1_U_Column8-1
Added Pin To Net: NetName=NetLD1_U_Column8_2 Pin=LD1_U_Column8-2
Added Pin To Net: NetName=GND Pin=LD1_U_Column8-3
Added Pin To Net: NetName=DO2 Pin=LD1_U_Column8-4
Added Pin To Net: NetName=+5 Pin=LD1_U_Column9-1
Added Pin To Net: NetName=NetLD1_U_Column9_2 Pin=LD1_U_Column9-2
Added Pin To Net: NetName=GND Pin=LD1_U_Column9-3
Added Pin To Net: NetName=NetLD1_U_Column9_4 Pin=LD1_U_Column9-4
Added Pin To Net: NetName=+5 Pin=LD1_U_Column10-1
Added Pin To Net: NetName=NetLD1_U_Column10_2 Pin=LD1_U_Column10-2
Added Pin To Net: NetName=GND Pin=LD1_U_Column10-3
Added Pin To Net: NetName=NetLD1_U_Column10_4 Pin=LD1_U_Column10-4
Added Pin To Net: NetName=+5 Pin=LD1_U_Column12-1
Added Pin To Net: NetName=NetLD1_U_Column12_2 Pin=LD1_U_Column12-2
Added Pin To Net: NetName=GND Pin=LD1_U_Column12-3
Added Pin To Net: NetName=NetLD1_U_Column12_4 Pin=LD1_U_Column12-4
Added Pin To Net: NetName=+5 Pin=LD1_U_Column13-1
Added Pin To Net: NetName=NetLD1_U_Column13_2 Pin=LD1_U_Column13-2
Added Pin To Net: NetName=GND Pin=LD1_U_Column13-3
Added Pin To Net: NetName=NetLD1_U_Column13_4 Pin=LD1_U_Column13-4
Added Pin To Net: NetName=+5 Pin=LD1_U_Column14-1
Added Pin To Net: NetName=NetLD1_U_Column14_2 Pin=LD1_U_Column14-2
Added Pin To Net: NetName=GND Pin=LD1_U_Column14-3
Added Pin To Net: NetName=NetLD1_U_Column14_4 Pin=LD1_U_Column14-4
Added Pin To Net: NetName=+5 Pin=LD1_U_Column15-1
Added Pin To Net: NetName=NetLD1_U_Column15_2 Pin=LD1_U_Column15-2
Added Pin To Net: NetName=GND Pin=LD1_U_Column15-3
Added Pin To Net: NetName=NetLD1_U_Column15_4 Pin=LD1_U_Column15-4
Added Pin To Net: NetName=+5 Pin=LD2_U_Column1-1
Added Pin To Net: NetName=NetLD2_U_Column1_2 Pin=LD2_U_Column1-2
Added Pin To Net: NetName=GND Pin=LD2_U_Column1-3
Added Pin To Net: NetName=NetLD1_U_Column1_2 Pin=LD2_U_Column1-4
Added Pin To Net: NetName=+5 Pin=LD2_U_Column2-1
Added Pin To Net: NetName=NetLD2_U_Column2_2 Pin=LD2_U_Column2-2
Added Pin To Net: NetName=GND Pin=LD2_U_Column2-3
Added Pin To Net: NetName=NetLD1_U_Column2_2 Pin=LD2_U_Column2-4
Added Pin To Net: NetName=+5 Pin=LD2_U_Column3-1
Added Pin To Net: NetName=NetLD2_U_Column3_2 Pin=LD2_U_Column3-2
Added Pin To Net: NetName=GND Pin=LD2_U_Column3-3
Added Pin To Net: NetName=NetLD1_U_Column3_2 Pin=LD2_U_Column3-4
Added Pin To Net: NetName=+5 Pin=LD2_U_Column4-1
Added Pin To Net: NetName=NetLD2_U_Column4_2 Pin=LD2_U_Column4-2
Added Pin To Net: NetName=GND Pin=LD2_U_Column4-3
Added Pin To Net: NetName=NetLD1_U_Column4_2 Pin=LD2_U_Column4-4
Added Pin To Net: NetName=+5 Pin=LD2_U_Column5-1
Added Pin To Net: NetName=NetLD2_U_Column5_2 Pin=LD2_U_Column5-2
Added Pin To Net: NetName=GND Pin=LD2_U_Column5-3
Added Pin To Net: NetName=NetLD1_U_Column5_2 Pin=LD2_U_Column5-4
Added Pin To Net: NetName=+5 Pin=LD2_U_Column6-1
Added Pin To Net: NetName=NetLD2_U_Column6_2 Pin=LD2_U_Column6-2
Added Pin To Net: NetName=GND Pin=LD2_U_Column6-3
Added Pin To Net: NetName=NetLD1_U_Column6_2 Pin=LD2_U_Column6-4
Added Pin To Net: NetName=+5 Pin=LD2_U_Column7-1
Added Pin To Net: NetName=NetLD2_U_Column7_2 Pin=LD2_U_Column7-2
Added Pin To Net: NetName=GND Pin=LD2_U_Column7-3
Added Pin To Net: NetName=NetLD1_U_Column7_2 Pin=LD2_U_Column7-4
Added Pin To Net: NetName=+5 Pin=LD2_U_Column8-1
Added Pin To Net: NetName=NetLD2_U_Column8_2 Pin=LD2_U_Column8-2
Added Pin To Net: NetName=GND Pin=LD2_U_Column8-3
Added Pin To Net: NetName=NetLD1_U_Column8_2 Pin=LD2_U_Column8-4
Added Pin To Net: NetName=+5 Pin=LD2_U_Column9-1
Added Pin To Net: NetName=NetLD2_U_Column9_2 Pin=LD2_U_Column9-2
Added Pin To Net: NetName=GND Pin=LD2_U_Column9-3
Added Pin To Net: NetName=NetLD1_U_Column9_2 Pin=LD2_U_Column9-4
Added Pin To Net: NetName=+5 Pin=LD2_U_Column10-1
Added Pin To Net: NetName=NetLD2_U_Column10_2 Pin=LD2_U_Column10-2
Added Pin To Net: NetName=GND Pin=LD2_U_Column10-3
Added Pin To Net: NetName=NetLD1_U_Column10_2 Pin=LD2_U_Column10-4
Added Pin To Net: NetName=+5 Pin=LD2_U_Column12-1
Added Pin To Net: NetName=NetLD2_U_Column12_2 Pin=LD2_U_Column12-2
Added Pin To Net: NetName=GND Pin=LD2_U_Column12-3
Added Pin To Net: NetName=NetLD1_U_Column12_2 Pin=LD2_U_Column12-4
Added Pin To Net: NetName=+5 Pin=LD2_U_Column13-1
Added Pin To Net: NetName=NetLD2_U_Column13_2 Pin=LD2_U_Column13-2
Added Pin To Net: NetName=GND Pin=LD2_U_Column13-3
Added Pin To Net: NetName=NetLD1_U_Column13_2 Pin=LD2_U_Column13-4
Added Pin To Net: NetName=+5 Pin=LD2_U_Column14-1
Added Pin To Net: NetName=NetLD2_U_Column14_2 Pin=LD2_U_Column14-2
Added Pin To Net: NetName=GND Pin=LD2_U_Column14-3
Added Pin To Net: NetName=NetLD1_U_Column14_2 Pin=LD2_U_Column14-4
Added Pin To Net: NetName=+5 Pin=LD2_U_Column15-1
Added Pin To Net: NetName=NetLD2_U_Column15_2 Pin=LD2_U_Column15-2
Added Pin To Net: NetName=GND Pin=LD2_U_Column15-3
Added Pin To Net: NetName=NetLD1_U_Column15_2 Pin=LD2_U_Column15-4
Added Pin To Net: NetName=+5 Pin=LD3_U_Column1-1
Added Pin To Net: NetName=NetLD3_U_Column1_2 Pin=LD3_U_Column1-2
Added Pin To Net: NetName=GND Pin=LD3_U_Column1-3
Added Pin To Net: NetName=NetLD2_U_Column1_2 Pin=LD3_U_Column1-4
Added Pin To Net: NetName=+5 Pin=LD3_U_Column2-1
Added Pin To Net: NetName=NetLD3_U_Column2_2 Pin=LD3_U_Column2-2
Added Pin To Net: NetName=GND Pin=LD3_U_Column2-3
Added Pin To Net: NetName=NetLD2_U_Column2_2 Pin=LD3_U_Column2-4
Added Pin To Net: NetName=+5 Pin=LD3_U_Column3-1
Added Pin To Net: NetName=NetLD3_U_Column3_2 Pin=LD3_U_Column3-2
Added Pin To Net: NetName=GND Pin=LD3_U_Column3-3
Added Pin To Net: NetName=NetLD2_U_Column3_2 Pin=LD3_U_Column3-4
Added Pin To Net: NetName=+5 Pin=LD3_U_Column4-1
Added Pin To Net: NetName=NetLD3_U_Column4_2 Pin=LD3_U_Column4-2
Added Pin To Net: NetName=GND Pin=LD3_U_Column4-3
Added Pin To Net: NetName=NetLD2_U_Column4_2 Pin=LD3_U_Column4-4
Added Pin To Net: NetName=+5 Pin=LD3_U_Column5-1
Added Pin To Net: NetName=NetLD3_U_Column5_2 Pin=LD3_U_Column5-2
Added Pin To Net: NetName=GND Pin=LD3_U_Column5-3
Added Pin To Net: NetName=NetLD2_U_Column5_2 Pin=LD3_U_Column5-4
Added Pin To Net: NetName=+5 Pin=LD3_U_Column6-1
Added Pin To Net: NetName=NetLD3_U_Column6_2 Pin=LD3_U_Column6-2
Added Pin To Net: NetName=GND Pin=LD3_U_Column6-3
Added Pin To Net: NetName=NetLD2_U_Column6_2 Pin=LD3_U_Column6-4
Added Pin To Net: NetName=+5 Pin=LD3_U_Column7-1
Added Pin To Net: NetName=NetLD3_U_Column7_2 Pin=LD3_U_Column7-2
Added Pin To Net: NetName=GND Pin=LD3_U_Column7-3
Added Pin To Net: NetName=NetLD2_U_Column7_2 Pin=LD3_U_Column7-4
Added Pin To Net: NetName=+5 Pin=LD3_U_Column8-1
Added Pin To Net: NetName=NetLD3_U_Column8_2 Pin=LD3_U_Column8-2
Added Pin To Net: NetName=GND Pin=LD3_U_Column8-3
Added Pin To Net: NetName=NetLD2_U_Column8_2 Pin=LD3_U_Column8-4
Added Pin To Net: NetName=+5 Pin=LD3_U_Column9-1
Added Pin To Net: NetName=NetLD3_U_Column9_2 Pin=LD3_U_Column9-2
Added Pin To Net: NetName=GND Pin=LD3_U_Column9-3
Added Pin To Net: NetName=NetLD2_U_Column9_2 Pin=LD3_U_Column9-4
Added Pin To Net: NetName=+5 Pin=LD3_U_Column10-1
Added Pin To Net: NetName=NetLD3_U_Column10_2 Pin=LD3_U_Column10-2
Added Pin To Net: NetName=GND Pin=LD3_U_Column10-3
Added Pin To Net: NetName=NetLD2_U_Column10_2 Pin=LD3_U_Column10-4
Added Pin To Net: NetName=+5 Pin=LD3_U_Column12-1
Added Pin To Net: NetName=NetLD3_U_Column12_2 Pin=LD3_U_Column12-2
Added Pin To Net: NetName=GND Pin=LD3_U_Column12-3
Added Pin To Net: NetName=NetLD2_U_Column12_2 Pin=LD3_U_Column12-4
Added Pin To Net: NetName=+5 Pin=LD3_U_Column13-1
Added Pin To Net: NetName=NetLD3_U_Column13_2 Pin=LD3_U_Column13-2
Added Pin To Net: NetName=GND Pin=LD3_U_Column13-3
Added Pin To Net: NetName=NetLD2_U_Column13_2 Pin=LD3_U_Column13-4
Added Pin To Net: NetName=+5 Pin=LD3_U_Column14-1
Added Pin To Net: NetName=NetLD3_U_Column14_2 Pin=LD3_U_Column14-2
Added Pin To Net: NetName=GND Pin=LD3_U_Column14-3
Added Pin To Net: NetName=NetLD2_U_Column14_2 Pin=LD3_U_Column14-4
Added Pin To Net: NetName=+5 Pin=LD3_U_Column15-1
Added Pin To Net: NetName=NetLD3_U_Column15_2 Pin=LD3_U_Column15-2
Added Pin To Net: NetName=GND Pin=LD3_U_Column15-3
Added Pin To Net: NetName=NetLD2_U_Column15_2 Pin=LD3_U_Column15-4
Added Pin To Net: NetName=+5 Pin=LD4_U_Column1-1
Added Pin To Net: NetName=NetLD4_U_Column1_2 Pin=LD4_U_Column1-2
Added Pin To Net: NetName=GND Pin=LD4_U_Column1-3
Added Pin To Net: NetName=NetLD3_U_Column1_2 Pin=LD4_U_Column1-4
Added Pin To Net: NetName=+5 Pin=LD4_U_Column2-1
Added Pin To Net: NetName=NetLD4_U_Column2_2 Pin=LD4_U_Column2-2
Added Pin To Net: NetName=GND Pin=LD4_U_Column2-3
Added Pin To Net: NetName=NetLD3_U_Column2_2 Pin=LD4_U_Column2-4
Added Pin To Net: NetName=+5 Pin=LD4_U_Column3-1
Added Pin To Net: NetName=NetLD4_U_Column3_2 Pin=LD4_U_Column3-2
Added Pin To Net: NetName=GND Pin=LD4_U_Column3-3
Added Pin To Net: NetName=NetLD3_U_Column3_2 Pin=LD4_U_Column3-4
Added Pin To Net: NetName=+5 Pin=LD4_U_Column4-1
Added Pin To Net: NetName=NetLD4_U_Column4_2 Pin=LD4_U_Column4-2
Added Pin To Net: NetName=GND Pin=LD4_U_Column4-3
Added Pin To Net: NetName=NetLD3_U_Column4_2 Pin=LD4_U_Column4-4
Added Pin To Net: NetName=+5 Pin=LD4_U_Column5-1
Added Pin To Net: NetName=NetLD4_U_Column5_2 Pin=LD4_U_Column5-2
Added Pin To Net: NetName=GND Pin=LD4_U_Column5-3
Added Pin To Net: NetName=NetLD3_U_Column5_2 Pin=LD4_U_Column5-4
Added Pin To Net: NetName=+5 Pin=LD4_U_Column6-1
Added Pin To Net: NetName=NetLD4_U_Column6_2 Pin=LD4_U_Column6-2
Added Pin To Net: NetName=GND Pin=LD4_U_Column6-3
Added Pin To Net: NetName=NetLD3_U_Column6_2 Pin=LD4_U_Column6-4
Added Pin To Net: NetName=+5 Pin=LD4_U_Column7-1
Added Pin To Net: NetName=NetLD4_U_Column7_2 Pin=LD4_U_Column7-2
Added Pin To Net: NetName=GND Pin=LD4_U_Column7-3
Added Pin To Net: NetName=NetLD3_U_Column7_2 Pin=LD4_U_Column7-4
Added Pin To Net: NetName=+5 Pin=LD4_U_Column8-1
Added Pin To Net: NetName=NetLD4_U_Column8_2 Pin=LD4_U_Column8-2
Added Pin To Net: NetName=GND Pin=LD4_U_Column8-3
Added Pin To Net: NetName=NetLD3_U_Column8_2 Pin=LD4_U_Column8-4
Added Pin To Net: NetName=+5 Pin=LD4_U_Column9-1
Added Pin To Net: NetName=NetLD4_U_Column9_2 Pin=LD4_U_Column9-2
Added Pin To Net: NetName=GND Pin=LD4_U_Column9-3
Added Pin To Net: NetName=NetLD3_U_Column9_2 Pin=LD4_U_Column9-4
Added Pin To Net: NetName=+5 Pin=LD4_U_Column10-1
Added Pin To Net: NetName=NetLD4_U_Column10_2 Pin=LD4_U_Column10-2
Added Pin To Net: NetName=GND Pin=LD4_U_Column10-3
Added Pin To Net: NetName=NetLD3_U_Column10_2 Pin=LD4_U_Column10-4
Added Pin To Net: NetName=+5 Pin=LD4_U_Column12-1
Added Pin To Net: NetName=NetLD4_U_Column12_2 Pin=LD4_U_Column12-2
Added Pin To Net: NetName=GND Pin=LD4_U_Column12-3
Added Pin To Net: NetName=NetLD3_U_Column12_2 Pin=LD4_U_Column12-4
Added Pin To Net: NetName=+5 Pin=LD4_U_Column13-1
Added Pin To Net: NetName=NetLD4_U_Column13_2 Pin=LD4_U_Column13-2
Added Pin To Net: NetName=GND Pin=LD4_U_Column13-3
Added Pin To Net: NetName=NetLD3_U_Column13_2 Pin=LD4_U_Column13-4
Added Pin To Net: NetName=+5 Pin=LD4_U_Column14-1
Added Pin To Net: NetName=NetLD4_U_Column14_2 Pin=LD4_U_Column14-2
Added Pin To Net: NetName=GND Pin=LD4_U_Column14-3
Added Pin To Net: NetName=NetLD3_U_Column14_2 Pin=LD4_U_Column14-4
Added Pin To Net: NetName=+5 Pin=LD4_U_Column15-1
Added Pin To Net: NetName=NetLD4_U_Column15_2 Pin=LD4_U_Column15-2
Added Pin To Net: NetName=GND Pin=LD4_U_Column15-3
Added Pin To Net: NetName=NetLD3_U_Column15_2 Pin=LD4_U_Column15-4
Added Pin To Net: NetName=+5 Pin=LD5_U_Column1-1
Added Pin To Net: NetName=NetLD5_U_Column1_2 Pin=LD5_U_Column1-2
Added Pin To Net: NetName=GND Pin=LD5_U_Column1-3
Added Pin To Net: NetName=NetLD4_U_Column1_2 Pin=LD5_U_Column1-4
Added Pin To Net: NetName=+5 Pin=LD5_U_Column2-1
Added Pin To Net: NetName=NetLD5_U_Column2_2 Pin=LD5_U_Column2-2
Added Pin To Net: NetName=GND Pin=LD5_U_Column2-3
Added Pin To Net: NetName=NetLD4_U_Column2_2 Pin=LD5_U_Column2-4
Added Pin To Net: NetName=+5 Pin=LD5_U_Column3-1
Added Pin To Net: NetName=NetLD5_U_Column3_2 Pin=LD5_U_Column3-2
Added Pin To Net: NetName=GND Pin=LD5_U_Column3-3
Added Pin To Net: NetName=NetLD4_U_Column3_2 Pin=LD5_U_Column3-4
Added Pin To Net: NetName=+5 Pin=LD5_U_Column4-1
Added Pin To Net: NetName=NetLD5_U_Column4_2 Pin=LD5_U_Column4-2
Added Pin To Net: NetName=GND Pin=LD5_U_Column4-3
Added Pin To Net: NetName=NetLD4_U_Column4_2 Pin=LD5_U_Column4-4
Added Pin To Net: NetName=+5 Pin=LD5_U_Column5-1
Added Pin To Net: NetName=NetLD5_U_Column5_2 Pin=LD5_U_Column5-2
Added Pin To Net: NetName=GND Pin=LD5_U_Column5-3
Added Pin To Net: NetName=NetLD4_U_Column5_2 Pin=LD5_U_Column5-4
Added Pin To Net: NetName=+5 Pin=LD5_U_Column6-1
Added Pin To Net: NetName=NetLD5_U_Column6_2 Pin=LD5_U_Column6-2
Added Pin To Net: NetName=GND Pin=LD5_U_Column6-3
Added Pin To Net: NetName=NetLD4_U_Column6_2 Pin=LD5_U_Column6-4
Added Pin To Net: NetName=+5 Pin=LD5_U_Column7-1
Added Pin To Net: NetName=NetLD5_U_Column7_2 Pin=LD5_U_Column7-2
Added Pin To Net: NetName=GND Pin=LD5_U_Column7-3
Added Pin To Net: NetName=NetLD4_U_Column7_2 Pin=LD5_U_Column7-4
Added Pin To Net: NetName=+5 Pin=LD5_U_Column8-1
Added Pin To Net: NetName=NetLD5_U_Column8_2 Pin=LD5_U_Column8-2
Added Pin To Net: NetName=GND Pin=LD5_U_Column8-3
Added Pin To Net: NetName=NetLD4_U_Column8_2 Pin=LD5_U_Column8-4
Added Pin To Net: NetName=+5 Pin=LD5_U_Column9-1
Added Pin To Net: NetName=NetLD5_U_Column9_2 Pin=LD5_U_Column9-2
Added Pin To Net: NetName=GND Pin=LD5_U_Column9-3
Added Pin To Net: NetName=NetLD4_U_Column9_2 Pin=LD5_U_Column9-4
Added Pin To Net: NetName=+5 Pin=LD5_U_Column10-1
Added Pin To Net: NetName=NetLD5_U_Column10_2 Pin=LD5_U_Column10-2
Added Pin To Net: NetName=GND Pin=LD5_U_Column10-3
Added Pin To Net: NetName=NetLD4_U_Column10_2 Pin=LD5_U_Column10-4
Added Pin To Net: NetName=+5 Pin=LD5_U_Column12-1
Added Pin To Net: NetName=NetLD5_U_Column12_2 Pin=LD5_U_Column12-2
Added Pin To Net: NetName=GND Pin=LD5_U_Column12-3
Added Pin To Net: NetName=NetLD4_U_Column12_2 Pin=LD5_U_Column12-4
Added Pin To Net: NetName=+5 Pin=LD5_U_Column13-1
Added Pin To Net: NetName=NetLD5_U_Column13_2 Pin=LD5_U_Column13-2
Added Pin To Net: NetName=GND Pin=LD5_U_Column13-3
Added Pin To Net: NetName=NetLD4_U_Column13_2 Pin=LD5_U_Column13-4
Added Pin To Net: NetName=+5 Pin=LD5_U_Column14-1
Added Pin To Net: NetName=NetLD5_U_Column14_2 Pin=LD5_U_Column14-2
Added Pin To Net: NetName=GND Pin=LD5_U_Column14-3
Added Pin To Net: NetName=NetLD4_U_Column14_2 Pin=LD5_U_Column14-4
Added Pin To Net: NetName=+5 Pin=LD5_U_Column15-1
Added Pin To Net: NetName=NetLD5_U_Column15_2 Pin=LD5_U_Column15-2
Added Pin To Net: NetName=GND Pin=LD5_U_Column15-3
Added Pin To Net: NetName=NetLD4_U_Column15_2 Pin=LD5_U_Column15-4
Added Pin To Net: NetName=+5 Pin=LD6_U_Column1-1
Added Pin To Net: NetName=NetLD6_U_Column1_2 Pin=LD6_U_Column1-2
Added Pin To Net: NetName=GND Pin=LD6_U_Column1-3
Added Pin To Net: NetName=NetLD5_U_Column1_2 Pin=LD6_U_Column1-4
Added Pin To Net: NetName=+5 Pin=LD6_U_Column2-1
Added Pin To Net: NetName=NetLD6_U_Column2_2 Pin=LD6_U_Column2-2
Added Pin To Net: NetName=GND Pin=LD6_U_Column2-3
Added Pin To Net: NetName=NetLD5_U_Column2_2 Pin=LD6_U_Column2-4
Added Pin To Net: NetName=+5 Pin=LD6_U_Column3-1
Added Pin To Net: NetName=NetLD6_U_Column3_2 Pin=LD6_U_Column3-2
Added Pin To Net: NetName=GND Pin=LD6_U_Column3-3
Added Pin To Net: NetName=NetLD5_U_Column3_2 Pin=LD6_U_Column3-4
Added Pin To Net: NetName=+5 Pin=LD6_U_Column4-1
Added Pin To Net: NetName=NetLD6_U_Column4_2 Pin=LD6_U_Column4-2
Added Pin To Net: NetName=GND Pin=LD6_U_Column4-3
Added Pin To Net: NetName=NetLD5_U_Column4_2 Pin=LD6_U_Column4-4
Added Pin To Net: NetName=+5 Pin=LD6_U_Column5-1
Added Pin To Net: NetName=NetLD6_U_Column5_2 Pin=LD6_U_Column5-2
Added Pin To Net: NetName=GND Pin=LD6_U_Column5-3
Added Pin To Net: NetName=NetLD5_U_Column5_2 Pin=LD6_U_Column5-4
Added Pin To Net: NetName=+5 Pin=LD6_U_Column6-1
Added Pin To Net: NetName=NetLD6_U_Column6_2 Pin=LD6_U_Column6-2
Added Pin To Net: NetName=GND Pin=LD6_U_Column6-3
Added Pin To Net: NetName=NetLD5_U_Column6_2 Pin=LD6_U_Column6-4
Added Pin To Net: NetName=+5 Pin=LD6_U_Column7-1
Added Pin To Net: NetName=NetLD6_U_Column7_2 Pin=LD6_U_Column7-2
Added Pin To Net: NetName=GND Pin=LD6_U_Column7-3
Added Pin To Net: NetName=NetLD5_U_Column7_2 Pin=LD6_U_Column7-4
Added Pin To Net: NetName=+5 Pin=LD6_U_Column8-1
Added Pin To Net: NetName=NetLD6_U_Column8_2 Pin=LD6_U_Column8-2
Added Pin To Net: NetName=GND Pin=LD6_U_Column8-3
Added Pin To Net: NetName=NetLD5_U_Column8_2 Pin=LD6_U_Column8-4
Added Pin To Net: NetName=+5 Pin=LD6_U_Column9-1
Added Pin To Net: NetName=NetLD6_U_Column9_2 Pin=LD6_U_Column9-2
Added Pin To Net: NetName=GND Pin=LD6_U_Column9-3
Added Pin To Net: NetName=NetLD5_U_Column9_2 Pin=LD6_U_Column9-4
Added Pin To Net: NetName=+5 Pin=LD6_U_Column10-1
Added Pin To Net: NetName=NetLD6_U_Column10_2 Pin=LD6_U_Column10-2
Added Pin To Net: NetName=GND Pin=LD6_U_Column10-3
Added Pin To Net: NetName=NetLD5_U_Column10_2 Pin=LD6_U_Column10-4
Added Pin To Net: NetName=+5 Pin=LD6_U_Column12-1
Added Pin To Net: NetName=NetLD6_U_Column12_2 Pin=LD6_U_Column12-2
Added Pin To Net: NetName=GND Pin=LD6_U_Column12-3
Added Pin To Net: NetName=NetLD5_U_Column12_2 Pin=LD6_U_Column12-4
Added Pin To Net: NetName=+5 Pin=LD6_U_Column13-1
Added Pin To Net: NetName=NetLD6_U_Column13_2 Pin=LD6_U_Column13-2
Added Pin To Net: NetName=GND Pin=LD6_U_Column13-3
Added Pin To Net: NetName=NetLD5_U_Column13_2 Pin=LD6_U_Column13-4
Added Pin To Net: NetName=+5 Pin=LD6_U_Column14-1
Added Pin To Net: NetName=NetLD6_U_Column14_2 Pin=LD6_U_Column14-2
Added Pin To Net: NetName=GND Pin=LD6_U_Column14-3
Added Pin To Net: NetName=NetLD5_U_Column14_2 Pin=LD6_U_Column14-4
Added Pin To Net: NetName=+5 Pin=LD6_U_Column15-1
Added Pin To Net: NetName=NetLD6_U_Column15_2 Pin=LD6_U_Column15-2
Added Pin To Net: NetName=GND Pin=LD6_U_Column15-3
Added Pin To Net: NetName=NetLD5_U_Column15_2 Pin=LD6_U_Column15-4
Added Pin To Net: NetName=+5 Pin=LD7_U_Column1-1
Added Pin To Net: NetName=NetLD1_U_Column2_4 Pin=LD7_U_Column1-2
Added Pin To Net: NetName=GND Pin=LD7_U_Column1-3
Added Pin To Net: NetName=NetLD6_U_Column1_2 Pin=LD7_U_Column1-4
Added Pin To Net: NetName=+5 Pin=LD7_U_Column2-1
Added Pin To Net: NetName=NetLD1_U_Column3_4 Pin=LD7_U_Column2-2
Added Pin To Net: NetName=GND Pin=LD7_U_Column2-3
Added Pin To Net: NetName=NetLD6_U_Column2_2 Pin=LD7_U_Column2-4
Added Pin To Net: NetName=+5 Pin=LD7_U_Column3-1
Added Pin To Net: NetName=NetLD1_U_Column4_4 Pin=LD7_U_Column3-2
Added Pin To Net: NetName=GND Pin=LD7_U_Column3-3
Added Pin To Net: NetName=NetLD6_U_Column3_2 Pin=LD7_U_Column3-4
Added Pin To Net: NetName=+5 Pin=LD7_U_Column4-1
Added Pin To Net: NetName=NetLD1_U_Column5_4 Pin=LD7_U_Column4-2
Added Pin To Net: NetName=GND Pin=LD7_U_Column4-3
Added Pin To Net: NetName=NetLD6_U_Column4_2 Pin=LD7_U_Column4-4
Added Pin To Net: NetName=+5 Pin=LD7_U_Column5-1
Added Pin To Net: NetName=NetLD1_U_Column6_4 Pin=LD7_U_Column5-2
Added Pin To Net: NetName=GND Pin=LD7_U_Column5-3
Added Pin To Net: NetName=NetLD6_U_Column5_2 Pin=LD7_U_Column5-4
Added Pin To Net: NetName=+5 Pin=LD7_U_Column6-1
Added Pin To Net: NetName=NetLD1_U_Column7_4 Pin=LD7_U_Column6-2
Added Pin To Net: NetName=GND Pin=LD7_U_Column6-3
Added Pin To Net: NetName=NetLD6_U_Column6_2 Pin=LD7_U_Column6-4
Added Pin To Net: NetName=+5 Pin=LD7_U_Column7-1
Added Pin To Net: NetName=NetLD7_U_Column7_2 Pin=LD7_U_Column7-2
Added Pin To Net: NetName=GND Pin=LD7_U_Column7-3
Added Pin To Net: NetName=NetLD6_U_Column7_2 Pin=LD7_U_Column7-4
Added Pin To Net: NetName=+5 Pin=LD7_U_Column8-1
Added Pin To Net: NetName=NetLD1_U_Column9_4 Pin=LD7_U_Column8-2
Added Pin To Net: NetName=GND Pin=LD7_U_Column8-3
Added Pin To Net: NetName=NetLD6_U_Column8_2 Pin=LD7_U_Column8-4
Added Pin To Net: NetName=+5 Pin=LD7_U_Column9-1
Added Pin To Net: NetName=NetLD1_U_Column10_4 Pin=LD7_U_Column9-2
Added Pin To Net: NetName=GND Pin=LD7_U_Column9-3
Added Pin To Net: NetName=NetLD6_U_Column9_2 Pin=LD7_U_Column9-4
Added Pin To Net: NetName=+5 Pin=LD7_U_Column10-1
Added Pin To Net: NetName=NetLD1_U_Column15_4 Pin=LD7_U_Column10-2
Added Pin To Net: NetName=GND Pin=LD7_U_Column10-3
Added Pin To Net: NetName=NetLD6_U_Column10_2 Pin=LD7_U_Column10-4
Added Pin To Net: NetName=+5 Pin=LD7_U_Column12-1
Added Pin To Net: NetName=NetLD1_U_Column13_4 Pin=LD7_U_Column12-2
Added Pin To Net: NetName=GND Pin=LD7_U_Column12-3
Added Pin To Net: NetName=NetLD6_U_Column12_2 Pin=LD7_U_Column12-4
Added Pin To Net: NetName=+5 Pin=LD7_U_Column13-1
Added Pin To Net: NetName=NetLD1_U_Column14_4 Pin=LD7_U_Column13-2
Added Pin To Net: NetName=GND Pin=LD7_U_Column13-3
Added Pin To Net: NetName=NetLD6_U_Column13_2 Pin=LD7_U_Column13-4
Added Pin To Net: NetName=+5 Pin=LD7_U_Column14-1
Added Pin To Net: NetName=NetLD7_U_Column14_2 Pin=LD7_U_Column14-2
Added Pin To Net: NetName=GND Pin=LD7_U_Column14-3
Added Pin To Net: NetName=NetLD6_U_Column14_2 Pin=LD7_U_Column14-4
Added Pin To Net: NetName=+5 Pin=LD7_U_Column15-1
Added Pin To Net: NetName=NetLD1_U_Column12_4 Pin=LD7_U_Column15-2
Added Pin To Net: NetName=GND Pin=LD7_U_Column15-3
Added Pin To Net: NetName=NetLD6_U_Column15_2 Pin=LD7_U_Column15-4
Added Pin To Net: NetName=GND Pin=P1-1
Added Pin To Net: NetName=GND Pin=P1-2
Added Pin To Net: NetName=+5 Pin=P1-3
Added Pin To Net: NetName=UART_RX Pin=P1-4
Added Pin To Net: NetName=UART_TX Pin=P1-5
Added Pin To Net: NetName=NetC6_2 Pin=P1-6
Added Pin To Net: NetName=+5 Pin=P3-1
Added Pin To Net: NetName=NetP3_2 Pin=P3-2
Added Pin To Net: NetName=+5 Pin=P4-1
Added Pin To Net: NetName=GND Pin=P4-2
Added Pin To Net: NetName=D2 Pin=P4-3
Added Pin To Net: NetName=D3 Pin=P4-4
Added Pin To Net: NetName=D4 Pin=P4-5
Added Pin To Net: NetName=A0 Pin=P4-6
Added Pin To Net: NetName=A1 Pin=P4-7
Added Pin To Net: NetName=RST Pin=R1-1
Added Pin To Net: NetName=+5 Pin=R1-2
Added Pin To Net: NetName=NetP3_2 Pin=R5-1
Added Pin To Net: NetName=GND Pin=R5-2
Added Pin To Net: NetName=CC2 Pin=R7-1
Added Pin To Net: NetName=GND Pin=R7-2
Added Pin To Net: NetName=D_N Pin=U1-3
Added Pin To Net: NetName=D_P Pin=U1-4
Added Pin To Net: NetName=GND Pin=U1-5
Added Pin To Net: NetName=NetC21_1 Pin=U1-6
Added Pin To Net: NetName=+5 Pin=U1-7
Added Pin To Net: NetName=SPI_SCK Pin=U1-9
Added Pin To Net: NetName=SPI_MOSI Pin=U1-10
Added Pin To Net: NetName=SPI_MISO Pin=U1-11
Added Pin To Net: NetName=SIG_BTN4 Pin=U1-12
Added Pin To Net: NetName=RST Pin=U1-13
Added Pin To Net: NetName=+5 Pin=U1-14
Added Pin To Net: NetName=GND Pin=U1-15
Added Pin To Net: NetName=NetU1_16 Pin=U1-16
Added Pin To Net: NetName=NetU1_17 Pin=U1-17
Added Pin To Net: NetName=D3 Pin=U1-18
Added Pin To Net: NetName=D2 Pin=U1-19
Added Pin To Net: NetName=UART_RX Pin=U1-20
Added Pin To Net: NetName=UART_TX Pin=U1-21
Added Pin To Net: NetName=DO1 Pin=U1-22
Added Pin To Net: NetName=GND Pin=U1-23
Added Pin To Net: NetName=+5 Pin=U1-24
Added Pin To Net: NetName=D4 Pin=U1-25
Added Pin To Net: NetName=DO2 Pin=U1-26
Added Pin To Net: NetName=SIG_BTN1 Pin=U1-28
Added Pin To Net: NetName=SIG_BTN2 Pin=U1-29
Added Pin To Net: NetName=SIG_BTN3 Pin=U1-30
Added Pin To Net: NetName=Indicator Pin=U1-32
Added Pin To Net: NetName=NetP3_2 Pin=U1-33
Added Pin To Net: NetName=+5 Pin=U1-34
Added Pin To Net: NetName=GND Pin=U1-35
Added Pin To Net: NetName=A1 Pin=U1-40
Added Pin To Net: NetName=A0 Pin=U1-41
Added Pin To Net: NetName=NetC5_1 Pin=U1-42
Added Pin To Net: NetName=GND Pin=U1-43
Added Pin To Net: NetName=+5 Pin=U1-44
Added Pin To Net: NetName=NetU1_16 Pin=Y1-1
Added Pin To Net: NetName=GND Pin=Y1-2
Added Pin To Net: NetName=NetU1_17 Pin=Y1-3
Added Member To Class: ClassName=U_Controller Member=Component 1 Res1
Added Member To Class: ClassName=U_Controller Member=Component 3 Res1
Added Member To Class: ClassName=U_Controller Member=Component 4 Res1
Added Member To Class: ClassName=U_Controller Member=Component 5 Res1
Added Member To Class: ClassName=main Member=Component C1 Cap
Added Member To Class: ClassName=main Member=Component C2 Cap
Added Member To Class: ClassName=main Member=Component C3 Cap
Added Member To Class: ClassName=main Member=Component C4 Cap
Added Member To Class: ClassName=main Member=Component C5 Cap
Added Member To Class: ClassName=main Member=Component C6 Cap
Added Member To Class: ClassName=U_serpentine Member=Component C7 10uF
Added Member To Class: ClassName=U_serpentine Member=Component C8 10uF
Added Member To Class: ClassName=U_serpentine Member=Component C9 10uF
Added Member To Class: ClassName=U_serpentine Member=Component C10 10uF
Added Member To Class: ClassName=U_serpentine Member=Component C11 10uF
Added Member To Class: ClassName=U_serpentine Member=Component C12 10uF
Added Member To Class: ClassName=U_serpentine Member=Component C13 10uF
Added Member To Class: ClassName=U_serpentine2 Member=Component C14 10uF
Added Member To Class: ClassName=U_serpentine2 Member=Component C15 10uF
Added Member To Class: ClassName=U_serpentine2 Member=Component C16 10uF
Added Member To Class: ClassName=U_serpentine2 Member=Component C17 10uF
Added Member To Class: ClassName=U_serpentine2 Member=Component C18 10uF
Added Member To Class: ClassName=U_serpentine2 Member=Component C19 10uF
Added Member To Class: ClassName=U_serpentine2 Member=Component C20 10uF
Added Member To Class: ClassName=main Member=Component C21 Cap
Added Member To Class: ClassName=main Member=Component ICSP MHDR2X3
Added Member To Class: ClassName=U_Controller Member=Component J2 1054500101
Added Member To Class: ClassName=U_Column1 Member=Component LD1_U_Column1 (LD1) WS2812B-Mini
Added Member To Class: ClassName=U_Column2 Member=Component LD1_U_Column2 (LD1) WS2812B-Mini
Added Member To Class: ClassName=U_Column3 Member=Component LD1_U_Column3 (LD1) WS2812B-Mini
Added Member To Class: ClassName=U_Column4 Member=Component LD1_U_Column4 (LD1) WS2812B-Mini
Added Member To Class: ClassName=U_Column5 Member=Component LD1_U_Column5 (LD1) WS2812B-Mini
Added Member To Class: ClassName=U_Column6 Member=Component LD1_U_Column6 (LD1) WS2812B-Mini
Added Member To Class: ClassName=U_Column7 Member=Component LD1_U_Column7 (LD1) WS2812B-Mini
Added Member To Class: ClassName=U_Column8 Member=Component LD1_U_Column8 (LD1) WS2812B-Mini
Added Member To Class: ClassName=U_Column9 Member=Component LD1_U_Column9 (LD1) WS2812B-Mini
Added Member To Class: ClassName=U_Column10 Member=Component LD1_U_Column10 (LD1) WS2812B-Mini
Added Member To Class: ClassName=U_Column12 Member=Component LD1_U_Column12 (LD1) WS2812B-Mini
Added Member To Class: ClassName=U_Column13 Member=Component LD1_U_Column13 (LD1) WS2812B-Mini
Added Member To Class: ClassName=U_Column14 Member=Component LD1_U_Column14 (LD1) WS2812B-Mini
Added Member To Class: ClassName=U_Column15 Member=Component LD1_U_Column15 (LD1) WS2812B-Mini
Added Member To Class: ClassName=U_Column1 Member=Component LD2_U_Column1 (LD2) WS2812B-Mini
Added Member To Class: ClassName=U_Column2 Member=Component LD2_U_Column2 (LD2) WS2812B-Mini
Added Member To Class: ClassName=U_Column3 Member=Component LD2_U_Column3 (LD2) WS2812B-Mini
Added Member To Class: ClassName=U_Column4 Member=Component LD2_U_Column4 (LD2) WS2812B-Mini
Added Member To Class: ClassName=U_Column5 Member=Component LD2_U_Column5 (LD2) WS2812B-Mini
Added Member To Class: ClassName=U_Column6 Member=Component LD2_U_Column6 (LD2) WS2812B-Mini
Added Member To Class: ClassName=U_Column7 Member=Component LD2_U_Column7 (LD2) WS2812B-Mini
Added Member To Class: ClassName=U_Column8 Member=Component LD2_U_Column8 (LD2) WS2812B-Mini
Added Member To Class: ClassName=U_Column9 Member=Component LD2_U_Column9 (LD2) WS2812B-Mini
Added Member To Class: ClassName=U_Column10 Member=Component LD2_U_Column10 (LD2) WS2812B-Mini
Added Member To Class: ClassName=U_Column12 Member=Component LD2_U_Column12 (LD2) WS2812B-Mini
Added Member To Class: ClassName=U_Column13 Member=Component LD2_U_Column13 (LD2) WS2812B-Mini
Added Member To Class: ClassName=U_Column14 Member=Component LD2_U_Column14 (LD2) WS2812B-Mini
Added Member To Class: ClassName=U_Column15 Member=Component LD2_U_Column15 (LD2) WS2812B-Mini
Added Member To Class: ClassName=U_Column1 Member=Component LD3_U_Column1 (LD3) WS2812B-Mini
Added Member To Class: ClassName=U_Column2 Member=Component LD3_U_Column2 (LD3) WS2812B-Mini
Added Member To Class: ClassName=U_Column3 Member=Component LD3_U_Column3 (LD3) WS2812B-Mini
Added Member To Class: ClassName=U_Column4 Member=Component LD3_U_Column4 (LD3) WS2812B-Mini
Added Member To Class: ClassName=U_Column5 Member=Component LD3_U_Column5 (LD3) WS2812B-Mini
Added Member To Class: ClassName=U_Column6 Member=Component LD3_U_Column6 (LD3) WS2812B-Mini
Added Member To Class: ClassName=U_Column7 Member=Component LD3_U_Column7 (LD3) WS2812B-Mini
Added Member To Class: ClassName=U_Column8 Member=Component LD3_U_Column8 (LD3) WS2812B-Mini
Added Member To Class: ClassName=U_Column9 Member=Component LD3_U_Column9 (LD3) WS2812B-Mini
Added Member To Class: ClassName=U_Column10 Member=Component LD3_U_Column10 (LD3) WS2812B-Mini
Added Member To Class: ClassName=U_Column12 Member=Component LD3_U_Column12 (LD3) WS2812B-Mini
Added Member To Class: ClassName=U_Column13 Member=Component LD3_U_Column13 (LD3) WS2812B-Mini
Added Member To Class: ClassName=U_Column14 Member=Component LD3_U_Column14 (LD3) WS2812B-Mini
Added Member To Class: ClassName=U_Column15 Member=Component LD3_U_Column15 (LD3) WS2812B-Mini
Added Member To Class: ClassName=U_Column1 Member=Component LD4_U_Column1 (LD4) WS2812B-Mini
Added Member To Class: ClassName=U_Column2 Member=Component LD4_U_Column2 (LD4) WS2812B-Mini
Added Member To Class: ClassName=U_Column3 Member=Component LD4_U_Column3 (LD4) WS2812B-Mini
Added Member To Class: ClassName=U_Column4 Member=Component LD4_U_Column4 (LD4) WS2812B-Mini
Added Member To Class: ClassName=U_Column5 Member=Component LD4_U_Column5 (LD4) WS2812B-Mini
Added Member To Class: ClassName=U_Column6 Member=Component LD4_U_Column6 (LD4) WS2812B-Mini
Added Member To Class: ClassName=U_Column7 Member=Component LD4_U_Column7 (LD4) WS2812B-Mini
Added Member To Class: ClassName=U_Column8 Member=Component LD4_U_Column8 (LD4) WS2812B-Mini
Added Member To Class: ClassName=U_Column9 Member=Component LD4_U_Column9 (LD4) WS2812B-Mini
Added Member To Class: ClassName=U_Column10 Member=Component LD4_U_Column10 (LD4) WS2812B-Mini
Added Member To Class: ClassName=U_Column12 Member=Component LD4_U_Column12 (LD4) WS2812B-Mini
Added Member To Class: ClassName=U_Column13 Member=Component LD4_U_Column13 (LD4) WS2812B-Mini
Added Member To Class: ClassName=U_Column14 Member=Component LD4_U_Column14 (LD4) WS2812B-Mini
Added Member To Class: ClassName=U_Column15 Member=Component LD4_U_Column15 (LD4) WS2812B-Mini
Added Member To Class: ClassName=U_Column1 Member=Component LD5_U_Column1 (LD5) WS2812B-Mini
Added Member To Class: ClassName=U_Column2 Member=Component LD5_U_Column2 (LD5) WS2812B-Mini
Added Member To Class: ClassName=U_Column3 Member=Component LD5_U_Column3 (LD5) WS2812B-Mini
Added Member To Class: ClassName=U_Column4 Member=Component LD5_U_Column4 (LD5) WS2812B-Mini
Added Member To Class: ClassName=U_Column5 Member=Component LD5_U_Column5 (LD5) WS2812B-Mini
Added Member To Class: ClassName=U_Column6 Member=Component LD5_U_Column6 (LD5) WS2812B-Mini
Added Member To Class: ClassName=U_Column7 Member=Component LD5_U_Column7 (LD5) WS2812B-Mini
Added Member To Class: ClassName=U_Column8 Member=Component LD5_U_Column8 (LD5) WS2812B-Mini
Added Member To Class: ClassName=U_Column9 Member=Component LD5_U_Column9 (LD5) WS2812B-Mini
Added Member To Class: ClassName=U_Column10 Member=Component LD5_U_Column10 (LD5) WS2812B-Mini
Added Member To Class: ClassName=U_Column12 Member=Component LD5_U_Column12 (LD5) WS2812B-Mini
Added Member To Class: ClassName=U_Column13 Member=Component LD5_U_Column13 (LD5) WS2812B-Mini
Added Member To Class: ClassName=U_Column14 Member=Component LD5_U_Column14 (LD5) WS2812B-Mini
Added Member To Class: ClassName=U_Column15 Member=Component LD5_U_Column15 (LD5) WS2812B-Mini
Added Member To Class: ClassName=U_Column1 Member=Component LD6_U_Column1 (LD6) WS2812B-Mini
Added Member To Class: ClassName=U_Column2 Member=Component LD6_U_Column2 (LD6) WS2812B-Mini
Added Member To Class: ClassName=U_Column3 Member=Component LD6_U_Column3 (LD6) WS2812B-Mini
Added Member To Class: ClassName=U_Column4 Member=Component LD6_U_Column4 (LD6) WS2812B-Mini
Added Member To Class: ClassName=U_Column5 Member=Component LD6_U_Column5 (LD6) WS2812B-Mini
Added Member To Class: ClassName=U_Column6 Member=Component LD6_U_Column6 (LD6) WS2812B-Mini
Added Member To Class: ClassName=U_Column7 Member=Component LD6_U_Column7 (LD6) WS2812B-Mini
Added Member To Class: ClassName=U_Column8 Member=Component LD6_U_Column8 (LD6) WS2812B-Mini
Added Member To Class: ClassName=U_Column9 Member=Component LD6_U_Column9 (LD6) WS2812B-Mini
Added Member To Class: ClassName=U_Column10 Member=Component LD6_U_Column10 (LD6) WS2812B-Mini
Added Member To Class: ClassName=U_Column12 Member=Component LD6_U_Column12 (LD6) WS2812B-Mini
Added Member To Class: ClassName=U_Column13 Member=Component LD6_U_Column13 (LD6) WS2812B-Mini
Added Member To Class: ClassName=U_Column14 Member=Component LD6_U_Column14 (LD6) WS2812B-Mini
Added Member To Class: ClassName=U_Column15 Member=Component LD6_U_Column15 (LD6) WS2812B-Mini
Added Member To Class: ClassName=U_Column1 Member=Component LD7_U_Column1 (LD7) WS2812B-Mini
Added Member To Class: ClassName=U_Column2 Member=Component LD7_U_Column2 (LD7) WS2812B-Mini
Added Member To Class: ClassName=U_Column3 Member=Component LD7_U_Column3 (LD7) WS2812B-Mini
Added Member To Class: ClassName=U_Column4 Member=Component LD7_U_Column4 (LD7) WS2812B-Mini
Added Member To Class: ClassName=U_Column5 Member=Component LD7_U_Column5 (LD7) WS2812B-Mini
Added Member To Class: ClassName=U_Column6 Member=Component LD7_U_Column6 (LD7) WS2812B-Mini
Added Member To Class: ClassName=U_Column7 Member=Component LD7_U_Column7 (LD7) WS2812B-Mini
Added Member To Class: ClassName=U_Column8 Member=Component LD7_U_Column8 (LD7) WS2812B-Mini
Added Member To Class: ClassName=U_Column9 Member=Component LD7_U_Column9 (LD7) WS2812B-Mini
Added Member To Class: ClassName=U_Column10 Member=Component LD7_U_Column10 (LD7) WS2812B-Mini
Added Member To Class: ClassName=U_Column12 Member=Component LD7_U_Column12 (LD7) WS2812B-Mini
Added Member To Class: ClassName=U_Column13 Member=Component LD7_U_Column13 (LD7) WS2812B-Mini
Added Member To Class: ClassName=U_Column14 Member=Component LD7_U_Column14 (LD7) WS2812B-Mini
Added Member To Class: ClassName=U_Column15 Member=Component LD7_U_Column15 (LD7) WS2812B-Mini
Added Member To Class: ClassName=main Member=Component P1 FTDI
Added Member To Class: ClassName=main Member=Component P3 MHDR1X2
Added Member To Class: ClassName=main Member=Component P4 MHDR1X7
Added Member To Class: ClassName=main Member=Component R1 22k
Added Member To Class: ClassName=main Member=Component R5 10K
Added Member To Class: ClassName=main Member=Component R7 5.1K
Added Member To Class: ClassName=main Member=Component U1 ATmega32U4-AU
Added Member To Class: ClassName=main Member=Component Y1 CSTNE16M0V53C000R0
