Added Pin To Net: NetName=+5 Pin=C1-1
Added Pin To Net: NetName=+5 Pin=C3-1
Added Pin To Net: NetName=+5 Pin=C4-1
Added Pin To Net: NetName=+5 Pin=C7-2
Added Pin To Net: NetName=+5 Pin=C8-2
Added Pin To Net: NetName=+5 Pin=C9-2
Added Pin To Net: NetName=+5 Pin=C10-2
Added Pin To Net: NetName=+5 Pin=C11-2
Added Pin To Net: NetName=+5 Pin=C12-2
Added Pin To Net: NetName=+5 Pin=C13-2
Added Pin To Net: NetName=+5 Pin=C14-2
Added Pin To Net: NetName=+5 Pin=C15-2
Added Pin To Net: NetName=+5 Pin=C16-2
Added Pin To Net: NetName=+5 Pin=C17-2
Added Pin To Net: NetName=+5 Pin=C18-2
Added Pin To Net: NetName=+5 Pin=C19-2
Added Pin To Net: NetName=+5 Pin=C20-2
Added Pin To Net: NetName=+5 Pin=ICSP-2
Added Pin To Net: NetName=+5 Pin=J1-A4
Added Pin To Net: NetName=+5 Pin=J1-A9
Added Pin To Net: NetName=+5 Pin=J1-B4
Added Pin To Net: NetName=+5 Pin=J1-B9
Added Pin To Net: NetName=+5 Pin=LD1_U_Column1-1
Added Pin To Net: NetName=+5 Pin=LD1_U_Column2-1
Added Pin To Net: NetName=+5 Pin=LD1_U_Column3-1
Added Pin To Net: NetName=+5 Pin=LD1_U_Column4-1
Added Pin To Net: NetName=+5 Pin=LD1_U_Column5-1
Added Pin To Net: NetName=+5 Pin=LD1_U_Column6-1
Added Pin To Net: NetName=+5 Pin=LD1_U_Column7-1
Added Pin To Net: NetName=+5 Pin=LD1_U_Column8-1
Added Pin To Net: NetName=+5 Pin=LD1_U_Column9-1
Added Pin To Net: NetName=+5 Pin=LD1_U_Column10-1
Added Pin To Net: NetName=+5 Pin=LD1_U_Column12-1
Added Pin To Net: NetName=+5 Pin=LD1_U_Column13-1
Added Pin To Net: NetName=+5 Pin=LD1_U_Column14-1
Added Pin To Net: NetName=+5 Pin=LD1_U_Column15-1
Added Pin To Net: NetName=+5 Pin=LD2_U_Column1-1
Added Pin To Net: NetName=+5 Pin=LD2_U_Column2-1
Added Pin To Net: NetName=+5 Pin=LD2_U_Column3-1
Added Pin To Net: NetName=+5 Pin=LD2_U_Column4-1
Added Pin To Net: NetName=+5 Pin=LD2_U_Column5-1
Added Pin To Net: NetName=+5 Pin=LD2_U_Column6-1
Added Pin To Net: NetName=+5 Pin=LD2_U_Column7-1
Added Pin To Net: NetName=+5 Pin=LD2_U_Column8-1
Added Pin To Net: NetName=+5 Pin=LD2_U_Column9-1
Added Pin To Net: NetName=+5 Pin=LD2_U_Column10-1
Added Pin To Net: NetName=+5 Pin=LD2_U_Column12-1
Added Pin To Net: NetName=+5 Pin=LD2_U_Column13-1
Added Pin To Net: NetName=+5 Pin=LD2_U_Column14-1
Added Pin To Net: NetName=+5 Pin=LD2_U_Column15-1
Added Pin To Net: NetName=+5 Pin=LD3_U_Column1-1
Added Pin To Net: NetName=+5 Pin=LD3_U_Column2-1
Added Pin To Net: NetName=+5 Pin=LD3_U_Column3-1
Added Pin To Net: NetName=+5 Pin=LD3_U_Column4-1
Added Pin To Net: NetName=+5 Pin=LD3_U_Column5-1
Added Pin To Net: NetName=+5 Pin=LD3_U_Column6-1
Added Pin To Net: NetName=+5 Pin=LD3_U_Column7-1
Added Pin To Net: NetName=+5 Pin=LD3_U_Column8-1
Added Pin To Net: NetName=+5 Pin=LD3_U_Column9-1
Added Pin To Net: NetName=+5 Pin=LD3_U_Column10-1
Added Pin To Net: NetName=+5 Pin=LD3_U_Column12-1
Added Pin To Net: NetName=+5 Pin=LD3_U_Column13-1
Added Pin To Net: NetName=+5 Pin=LD3_U_Column14-1
Added Pin To Net: NetName=+5 Pin=LD3_U_Column15-1
Added Pin To Net: NetName=+5 Pin=LD4_U_Column1-1
Added Pin To Net: NetName=+5 Pin=LD4_U_Column2-1
Added Pin To Net: NetName=+5 Pin=LD4_U_Column3-1
Added Pin To Net: NetName=+5 Pin=LD4_U_Column4-1
Added Pin To Net: NetName=+5 Pin=LD4_U_Column5-1
Added Pin To Net: NetName=+5 Pin=LD4_U_Column6-1
Added Pin To Net: NetName=+5 Pin=LD4_U_Column7-1
Added Pin To Net: NetName=+5 Pin=LD4_U_Column8-1
Added Pin To Net: NetName=+5 Pin=LD4_U_Column9-1
Added Pin To Net: NetName=+5 Pin=LD4_U_Column10-1
Added Pin To Net: NetName=+5 Pin=LD4_U_Column12-1
Added Pin To Net: NetName=+5 Pin=LD4_U_Column13-1
Added Pin To Net: NetName=+5 Pin=LD4_U_Column14-1
Added Pin To Net: NetName=+5 Pin=LD4_U_Column15-1
Added Pin To Net: NetName=+5 Pin=LD5_U_Column1-1
Added Pin To Net: NetName=+5 Pin=LD5_U_Column2-1
Added Pin To Net: NetName=+5 Pin=LD5_U_Column3-1
Added Pin To Net: NetName=+5 Pin=LD5_U_Column4-1
Added Pin To Net: NetName=+5 Pin=LD5_U_Column5-1
Added Pin To Net: NetName=+5 Pin=LD5_U_Column6-1
Added Pin To Net: NetName=+5 Pin=LD5_U_Column7-1
Added Pin To Net: NetName=+5 Pin=LD5_U_Column8-1
Added Pin To Net: NetName=+5 Pin=LD5_U_Column9-1
Added Pin To Net: NetName=+5 Pin=LD5_U_Column10-1
Added Pin To Net: NetName=+5 Pin=LD5_U_Column12-1
Added Pin To Net: NetName=+5 Pin=LD5_U_Column13-1
Added Pin To Net: NetName=+5 Pin=LD5_U_Column14-1
Added Pin To Net: NetName=+5 Pin=LD5_U_Column15-1
Added Pin To Net: NetName=+5 Pin=LD6_U_Column1-1
Added Pin To Net: NetName=+5 Pin=LD6_U_Column2-1
Added Pin To Net: NetName=+5 Pin=LD6_U_Column3-1
Added Pin To Net: NetName=+5 Pin=LD6_U_Column4-1
Added Pin To Net: NetName=+5 Pin=LD6_U_Column5-1
Added Pin To Net: NetName=+5 Pin=LD6_U_Column6-1
Added Pin To Net: NetName=+5 Pin=LD6_U_Column7-1
Added Pin To Net: NetName=+5 Pin=LD6_U_Column8-1
Added Pin To Net: NetName=+5 Pin=LD6_U_Column9-1
Added Pin To Net: NetName=+5 Pin=LD6_U_Column10-1
Added Pin To Net: NetName=+5 Pin=LD6_U_Column12-1
Added Pin To Net: NetName=+5 Pin=LD6_U_Column13-1
Added Pin To Net: NetName=+5 Pin=LD6_U_Column14-1
Added Pin To Net: NetName=+5 Pin=LD6_U_Column15-1
Added Pin To Net: NetName=+5 Pin=LD7_U_Column1-1
Added Pin To Net: NetName=+5 Pin=LD7_U_Column2-1
Added Pin To Net: NetName=+5 Pin=LD7_U_Column3-1
Added Pin To Net: NetName=+5 Pin=LD7_U_Column4-1
Added Pin To Net: NetName=+5 Pin=LD7_U_Column5-1
Added Pin To Net: NetName=+5 Pin=LD7_U_Column6-1
Added Pin To Net: NetName=+5 Pin=LD7_U_Column7-1
Added Pin To Net: NetName=+5 Pin=LD7_U_Column8-1
Added Pin To Net: NetName=+5 Pin=LD7_U_Column9-1
Added Pin To Net: NetName=+5 Pin=LD7_U_Column10-1
Added Pin To Net: NetName=+5 Pin=LD7_U_Column12-1
Added Pin To Net: NetName=+5 Pin=LD7_U_Column13-1
Added Pin To Net: NetName=+5 Pin=LD7_U_Column14-1
Added Pin To Net: NetName=+5 Pin=LD7_U_Column15-1
Added Pin To Net: NetName=+5 Pin=P1-3
Added Pin To Net: NetName=+5 Pin=P3-1
Added Pin To Net: NetName=+5 Pin=P4-1
Added Pin To Net: NetName=+5 Pin=R1-2
Added Pin To Net: NetName=+5 Pin=R2-1
Added Pin To Net: NetName=+5 Pin=U1-7
Added Pin To Net: NetName=+5 Pin=U1-14
Added Pin To Net: NetName=+5 Pin=U1-24
Added Pin To Net: NetName=+5 Pin=U1-34
Added Pin To Net: NetName=+5 Pin=U1-44
Added Net: Name=+5
Added Pin To Net: NetName=A0 Pin=P4-6
Added Pin To Net: NetName=A0 Pin=U1-41
Added Net: Name=A0
Added Pin To Net: NetName=A1 Pin=P4-7
Added Pin To Net: NetName=A1 Pin=U1-40
Added Net: Name=A1
Added Pin To Net: NetName=BAT+ Pin=1-2
Added Pin To Net: NetName=BAT+ Pin=3-1
Added Pin To Net: NetName=BAT+ Pin=4-1
Added Pin To Net: NetName=BAT+ Pin=5-1
Added Pin To Net: NetName=BAT+ Pin=BAT+-1
Added Pin To Net: NetName=BAT+ Pin=J2-A4
Added Pin To Net: NetName=BAT+ Pin=J2-A9
Added Pin To Net: NetName=BAT+ Pin=J2-B4
Added Pin To Net: NetName=BAT+ Pin=J2-B9
Added Net: Name=BAT+
Added Pin To Net: NetName=BAT- Pin=BAT--1
Added Pin To Net: NetName=BAT- Pin=J2-A1
Added Pin To Net: NetName=BAT- Pin=J2-A12
Added Pin To Net: NetName=BAT- Pin=J2-B1
Added Pin To Net: NetName=BAT- Pin=J2-B12
Added Pin To Net: NetName=BAT- Pin=SW1-0
Added Pin To Net: NetName=BAT- Pin=SW3-1
Added Pin To Net: NetName=BAT- Pin=SW4-2
Added Pin To Net: NetName=BAT- Pin=SW5-2
Added Net: Name=BAT-
Added Pin To Net: NetName=CC1 Pin=J1-A5
Added Pin To Net: NetName=CC1 Pin=R6-1
Added Net: Name=CC1
Added Pin To Net: NetName=CC2 Pin=J1-B5
Added Pin To Net: NetName=CC2 Pin=R7-1
Added Net: Name=CC2
Added Pin To Net: NetName=CTRL_SIG1 Pin=1-1
Added Pin To Net: NetName=CTRL_SIG1 Pin=J2-A2
Added Pin To Net: NetName=CTRL_SIG1 Pin=J2-B2
Added Pin To Net: NetName=CTRL_SIG1 Pin=SW1-1
Added Net: Name=CTRL_SIG1
Added Pin To Net: NetName=CTRL_SIG2 Pin=5-2
Added Pin To Net: NetName=CTRL_SIG2 Pin=J2-A3
Added Pin To Net: NetName=CTRL_SIG2 Pin=J2-B3
Added Pin To Net: NetName=CTRL_SIG2 Pin=SW5-4
Added Net: Name=CTRL_SIG2
Added Pin To Net: NetName=CTRL_SIG3 Pin=4-2
Added Pin To Net: NetName=CTRL_SIG3 Pin=J2-A10
Added Pin To Net: NetName=CTRL_SIG3 Pin=J2-B10
Added Pin To Net: NetName=CTRL_SIG3 Pin=SW4-4
Added Net: Name=CTRL_SIG3
Added Pin To Net: NetName=CTRL_SIG4 Pin=3-2
Added Pin To Net: NetName=CTRL_SIG4 Pin=J2-A11
Added Pin To Net: NetName=CTRL_SIG4 Pin=J2-B11
Added Pin To Net: NetName=CTRL_SIG4 Pin=SW3-0
Added Net: Name=CTRL_SIG4
Added Pin To Net: NetName=D2 Pin=P4-3
Added Pin To Net: NetName=D2 Pin=U1-19
Added Net: Name=D2
Added Pin To Net: NetName=D3 Pin=P4-4
Added Pin To Net: NetName=D3 Pin=U1-18
Added Net: Name=D3
Added Pin To Net: NetName=D4 Pin=P4-5
Added Pin To Net: NetName=D4 Pin=U1-25
Added Net: Name=D4
Added Pin To Net: NetName=D_N Pin=J1-A7
Added Pin To Net: NetName=D_N Pin=J1-B7
Added Pin To Net: NetName=D_N Pin=U1-3
Added Net: Name=D_N
Added Pin To Net: NetName=D_P Pin=J1-A6
Added Pin To Net: NetName=D_P Pin=J1-B6
Added Pin To Net: NetName=D_P Pin=U1-4
Added Net: Name=D_P
Added Pin To Net: NetName=DO1 Pin=LD1_U_Column1-4
Added Pin To Net: NetName=DO1 Pin=U1-22
Added Net: Name=DO1
Added Pin To Net: NetName=DO2 Pin=LD1_U_Column8-4
Added Pin To Net: NetName=DO2 Pin=U1-26
Added Net: Name=DO2
Added Pin To Net: NetName=GND Pin=C1-2
Added Pin To Net: NetName=GND Pin=C2-1
Added Pin To Net: NetName=GND Pin=C3-2
Added Pin To Net: NetName=GND Pin=C4-2
Added Pin To Net: NetName=GND Pin=C5-2
Added Pin To Net: NetName=GND Pin=C7-1
Added Pin To Net: NetName=GND Pin=C8-1
Added Pin To Net: NetName=GND Pin=C9-1
Added Pin To Net: NetName=GND Pin=C10-1
Added Pin To Net: NetName=GND Pin=C11-1
Added Pin To Net: NetName=GND Pin=C12-1
Added Pin To Net: NetName=GND Pin=C13-1
Added Pin To Net: NetName=GND Pin=C14-1
Added Pin To Net: NetName=GND Pin=C15-1
Added Pin To Net: NetName=GND Pin=C16-1
Added Pin To Net: NetName=GND Pin=C17-1
Added Pin To Net: NetName=GND Pin=C18-1
Added Pin To Net: NetName=GND Pin=C19-1
Added Pin To Net: NetName=GND Pin=C20-1
Added Pin To Net: NetName=GND Pin=C21-2
Added Pin To Net: NetName=GND Pin=ICSP-6
Added Pin To Net: NetName=GND Pin=J1-A1
Added Pin To Net: NetName=GND Pin=J1-A12
Added Pin To Net: NetName=GND Pin=J1-B1
Added Pin To Net: NetName=GND Pin=J1-B12
Added Pin To Net: NetName=GND Pin=LD1_U_Column1-3
Added Pin To Net: NetName=GND Pin=LD1_U_Column2-3
Added Pin To Net: NetName=GND Pin=LD1_U_Column3-3
Added Pin To Net: NetName=GND Pin=LD1_U_Column4-3
Added Pin To Net: NetName=GND Pin=LD1_U_Column5-3
Added Pin To Net: NetName=GND Pin=LD1_U_Column6-3
Added Pin To Net: NetName=GND Pin=LD1_U_Column7-3
Added Pin To Net: NetName=GND Pin=LD1_U_Column8-3
Added Pin To Net: NetName=GND Pin=LD1_U_Column9-3
Added Pin To Net: NetName=GND Pin=LD1_U_Column10-3
Added Pin To Net: NetName=GND Pin=LD1_U_Column12-3
Added Pin To Net: NetName=GND Pin=LD1_U_Column13-3
Added Pin To Net: NetName=GND Pin=LD1_U_Column14-3
Added Pin To Net: NetName=GND Pin=LD1_U_Column15-3
Added Pin To Net: NetName=GND Pin=LD2_U_Column1-3
Added Pin To Net: NetName=GND Pin=LD2_U_Column2-3
Added Pin To Net: NetName=GND Pin=LD2_U_Column3-3
Added Pin To Net: NetName=GND Pin=LD2_U_Column4-3
Added Pin To Net: NetName=GND Pin=LD2_U_Column5-3
Added Pin To Net: NetName=GND Pin=LD2_U_Column6-3
Added Pin To Net: NetName=GND Pin=LD2_U_Column7-3
Added Pin To Net: NetName=GND Pin=LD2_U_Column8-3
Added Pin To Net: NetName=GND Pin=LD2_U_Column9-3
Added Pin To Net: NetName=GND Pin=LD2_U_Column10-3
Added Pin To Net: NetName=GND Pin=LD2_U_Column12-3
Added Pin To Net: NetName=GND Pin=LD2_U_Column13-3
Added Pin To Net: NetName=GND Pin=LD2_U_Column14-3
Added Pin To Net: NetName=GND Pin=LD2_U_Column15-3
Added Pin To Net: NetName=GND Pin=LD3_U_Column1-3
Added Pin To Net: NetName=GND Pin=LD3_U_Column2-3
Added Pin To Net: NetName=GND Pin=LD3_U_Column3-3
Added Pin To Net: NetName=GND Pin=LD3_U_Column4-3
Added Pin To Net: NetName=GND Pin=LD3_U_Column5-3
Added Pin To Net: NetName=GND Pin=LD3_U_Column6-3
Added Pin To Net: NetName=GND Pin=LD3_U_Column7-3
Added Pin To Net: NetName=GND Pin=LD3_U_Column8-3
Added Pin To Net: NetName=GND Pin=LD3_U_Column9-3
Added Pin To Net: NetName=GND Pin=LD3_U_Column10-3
Added Pin To Net: NetName=GND Pin=LD3_U_Column12-3
Added Pin To Net: NetName=GND Pin=LD3_U_Column13-3
Added Pin To Net: NetName=GND Pin=LD3_U_Column14-3
Added Pin To Net: NetName=GND Pin=LD3_U_Column15-3
Added Pin To Net: NetName=GND Pin=LD4_U_Column1-3
Added Pin To Net: NetName=GND Pin=LD4_U_Column2-3
Added Pin To Net: NetName=GND Pin=LD4_U_Column3-3
Added Pin To Net: NetName=GND Pin=LD4_U_Column4-3
Added Pin To Net: NetName=GND Pin=LD4_U_Column5-3
Added Pin To Net: NetName=GND Pin=LD4_U_Column6-3
Added Pin To Net: NetName=GND Pin=LD4_U_Column7-3
Added Pin To Net: NetName=GND Pin=LD4_U_Column8-3
Added Pin To Net: NetName=GND Pin=LD4_U_Column9-3
Added Pin To Net: NetName=GND Pin=LD4_U_Column10-3
Added Pin To Net: NetName=GND Pin=LD4_U_Column12-3
Added Pin To Net: NetName=GND Pin=LD4_U_Column13-3
Added Pin To Net: NetName=GND Pin=LD4_U_Column14-3
Added Pin To Net: NetName=GND Pin=LD4_U_Column15-3
Added Pin To Net: NetName=GND Pin=LD5_U_Column1-3
Added Pin To Net: NetName=GND Pin=LD5_U_Column2-3
Added Pin To Net: NetName=GND Pin=LD5_U_Column3-3
Added Pin To Net: NetName=GND Pin=LD5_U_Column4-3
Added Pin To Net: NetName=GND Pin=LD5_U_Column5-3
Added Pin To Net: NetName=GND Pin=LD5_U_Column6-3
Added Pin To Net: NetName=GND Pin=LD5_U_Column7-3
Added Pin To Net: NetName=GND Pin=LD5_U_Column8-3
Added Pin To Net: NetName=GND Pin=LD5_U_Column9-3
Added Pin To Net: NetName=GND Pin=LD5_U_Column10-3
Added Pin To Net: NetName=GND Pin=LD5_U_Column12-3
Added Pin To Net: NetName=GND Pin=LD5_U_Column13-3
Added Pin To Net: NetName=GND Pin=LD5_U_Column14-3
Added Pin To Net: NetName=GND Pin=LD5_U_Column15-3
Added Pin To Net: NetName=GND Pin=LD6_U_Column1-3
Added Pin To Net: NetName=GND Pin=LD6_U_Column2-3
Added Pin To Net: NetName=GND Pin=LD6_U_Column3-3
Added Pin To Net: NetName=GND Pin=LD6_U_Column4-3
Added Pin To Net: NetName=GND Pin=LD6_U_Column5-3
Added Pin To Net: NetName=GND Pin=LD6_U_Column6-3
Added Pin To Net: NetName=GND Pin=LD6_U_Column7-3
Added Pin To Net: NetName=GND Pin=LD6_U_Column8-3
Added Pin To Net: NetName=GND Pin=LD6_U_Column9-3
Added Pin To Net: NetName=GND Pin=LD6_U_Column10-3
Added Pin To Net: NetName=GND Pin=LD6_U_Column12-3
Added Pin To Net: NetName=GND Pin=LD6_U_Column13-3
Added Pin To Net: NetName=GND Pin=LD6_U_Column14-3
Added Pin To Net: NetName=GND Pin=LD6_U_Column15-3
Added Pin To Net: NetName=GND Pin=LD7_U_Column1-3
Added Pin To Net: NetName=GND Pin=LD7_U_Column2-3
Added Pin To Net: NetName=GND Pin=LD7_U_Column3-3
Added Pin To Net: NetName=GND Pin=LD7_U_Column4-3
Added Pin To Net: NetName=GND Pin=LD7_U_Column5-3
Added Pin To Net: NetName=GND Pin=LD7_U_Column6-3
Added Pin To Net: NetName=GND Pin=LD7_U_Column7-3
Added Pin To Net: NetName=GND Pin=LD7_U_Column8-3
Added Pin To Net: NetName=GND Pin=LD7_U_Column9-3
Added Pin To Net: NetName=GND Pin=LD7_U_Column10-3
Added Pin To Net: NetName=GND Pin=LD7_U_Column12-3
Added Pin To Net: NetName=GND Pin=LD7_U_Column13-3
Added Pin To Net: NetName=GND Pin=LD7_U_Column14-3
Added Pin To Net: NetName=GND Pin=LD7_U_Column15-3
Added Pin To Net: NetName=GND Pin=P1-1
Added Pin To Net: NetName=GND Pin=P1-2
Added Pin To Net: NetName=GND Pin=P4-2
Added Pin To Net: NetName=GND Pin=R5-2
Added Pin To Net: NetName=GND Pin=R6-2
Added Pin To Net: NetName=GND Pin=R7-2
Added Pin To Net: NetName=GND Pin=U1-5
Added Pin To Net: NetName=GND Pin=U1-15
Added Pin To Net: NetName=GND Pin=U1-23
Added Pin To Net: NetName=GND Pin=U1-35
Added Pin To Net: NetName=GND Pin=U1-43
Added Pin To Net: NetName=GND Pin=Y1-2
Added Net: Name=GND
Added Pin To Net: NetName=Indicator Pin=D1-2
Added Pin To Net: NetName=Indicator Pin=U1-32
Added Net: Name=Indicator
Added Pin To Net: NetName=NetC5_1 Pin=C5-1
Added Pin To Net: NetName=NetC5_1 Pin=U1-42
Added Net: Name=NetC5_1
Added Pin To Net: NetName=NetC6_2 Pin=C6-2
Added Pin To Net: NetName=NetC6_2 Pin=P1-6
Added Net: Name=NetC6_2
Added Pin To Net: NetName=NetC21_1 Pin=C21-1
Added Pin To Net: NetName=NetC21_1 Pin=U1-6
Added Net: Name=NetC21_1
Added Pin To Net: NetName=NetD1_1 Pin=D1-1
Added Pin To Net: NetName=NetD1_1 Pin=R2-2
Added Net: Name=NetD1_1
Added Pin To Net: NetName=NetJ1_A8 Pin=J1-A8
Added Pin To Net: NetName=NetJ1_A8 Pin=J1-B8
Added Net: Name=NetJ1_A8
Added Pin To Net: NetName=NetLD1_U_Column1_2 Pin=LD1_U_Column1-2
Added Pin To Net: NetName=NetLD1_U_Column1_2 Pin=LD2_U_Column1-4
Added Net: Name=NetLD1_U_Column1_2
Added Pin To Net: NetName=NetLD1_U_Column2_2 Pin=LD1_U_Column2-2
Added Pin To Net: NetName=NetLD1_U_Column2_2 Pin=LD2_U_Column2-4
Added Net: Name=NetLD1_U_Column2_2
Added Pin To Net: NetName=NetLD1_U_Column2_4 Pin=LD1_U_Column2-4
Added Pin To Net: NetName=NetLD1_U_Column2_4 Pin=LD7_U_Column1-2
Added Net: Name=NetLD1_U_Column2_4
Added Pin To Net: NetName=NetLD1_U_Column3_2 Pin=LD1_U_Column3-2
Added Pin To Net: NetName=NetLD1_U_Column3_2 Pin=LD2_U_Column3-4
Added Net: Name=NetLD1_U_Column3_2
Added Pin To Net: NetName=NetLD1_U_Column3_4 Pin=LD1_U_Column3-4
Added Pin To Net: NetName=NetLD1_U_Column3_4 Pin=LD7_U_Column2-2
Added Net: Name=NetLD1_U_Column3_4
Added Pin To Net: NetName=NetLD1_U_Column4_2 Pin=LD1_U_Column4-2
Added Pin To Net: NetName=NetLD1_U_Column4_2 Pin=LD2_U_Column4-4
Added Net: Name=NetLD1_U_Column4_2
Added Pin To Net: NetName=NetLD1_U_Column4_4 Pin=LD1_U_Column4-4
Added Pin To Net: NetName=NetLD1_U_Column4_4 Pin=LD7_U_Column3-2
Added Net: Name=NetLD1_U_Column4_4
Added Pin To Net: NetName=NetLD1_U_Column5_2 Pin=LD1_U_Column5-2
Added Pin To Net: NetName=NetLD1_U_Column5_2 Pin=LD2_U_Column5-4
Added Net: Name=NetLD1_U_Column5_2
Added Pin To Net: NetName=NetLD1_U_Column5_4 Pin=LD1_U_Column5-4
Added Pin To Net: NetName=NetLD1_U_Column5_4 Pin=LD7_U_Column4-2
Added Net: Name=NetLD1_U_Column5_4
Added Pin To Net: NetName=NetLD1_U_Column6_2 Pin=LD1_U_Column6-2
Added Pin To Net: NetName=NetLD1_U_Column6_2 Pin=LD2_U_Column6-4
Added Net: Name=NetLD1_U_Column6_2
Added Pin To Net: NetName=NetLD1_U_Column6_4 Pin=LD1_U_Column6-4
Added Pin To Net: NetName=NetLD1_U_Column6_4 Pin=LD7_U_Column5-2
Added Net: Name=NetLD1_U_Column6_4
Added Pin To Net: NetName=NetLD1_U_Column7_2 Pin=LD1_U_Column7-2
Added Pin To Net: NetName=NetLD1_U_Column7_2 Pin=LD2_U_Column7-4
Added Net: Name=NetLD1_U_Column7_2
Added Pin To Net: NetName=NetLD1_U_Column7_4 Pin=LD1_U_Column7-4
Added Pin To Net: NetName=NetLD1_U_Column7_4 Pin=LD7_U_Column6-2
Added Net: Name=NetLD1_U_Column7_4
Added Pin To Net: NetName=NetLD1_U_Column8_2 Pin=LD1_U_Column8-2
Added Pin To Net: NetName=NetLD1_U_Column8_2 Pin=LD2_U_Column8-4
Added Net: Name=NetLD1_U_Column8_2
Added Pin To Net: NetName=NetLD1_U_Column9_2 Pin=LD1_U_Column9-2
Added Pin To Net: NetName=NetLD1_U_Column9_2 Pin=LD2_U_Column9-4
Added Net: Name=NetLD1_U_Column9_2
Added Pin To Net: NetName=NetLD1_U_Column9_4 Pin=LD1_U_Column9-4
Added Pin To Net: NetName=NetLD1_U_Column9_4 Pin=LD7_U_Column8-2
Added Net: Name=NetLD1_U_Column9_4
Added Pin To Net: NetName=NetLD1_U_Column10_2 Pin=LD1_U_Column10-2
Added Pin To Net: NetName=NetLD1_U_Column10_2 Pin=LD2_U_Column10-4
Added Net: Name=NetLD1_U_Column10_2
Added Pin To Net: NetName=NetLD1_U_Column10_4 Pin=LD1_U_Column10-4
Added Pin To Net: NetName=NetLD1_U_Column10_4 Pin=LD7_U_Column9-2
Added Net: Name=NetLD1_U_Column10_4
Added Pin To Net: NetName=NetLD1_U_Column12_2 Pin=LD1_U_Column12-2
Added Pin To Net: NetName=NetLD1_U_Column12_2 Pin=LD2_U_Column12-4
Added Net: Name=NetLD1_U_Column12_2
Added Pin To Net: NetName=NetLD1_U_Column12_4 Pin=LD1_U_Column12-4
Added Pin To Net: NetName=NetLD1_U_Column12_4 Pin=LD7_U_Column15-2
Added Net: Name=NetLD1_U_Column12_4
Added Pin To Net: NetName=NetLD1_U_Column13_2 Pin=LD1_U_Column13-2
Added Pin To Net: NetName=NetLD1_U_Column13_2 Pin=LD2_U_Column13-4
Added Net: Name=NetLD1_U_Column13_2
Added Pin To Net: NetName=NetLD1_U_Column13_4 Pin=LD1_U_Column13-4
Added Pin To Net: NetName=NetLD1_U_Column13_4 Pin=LD7_U_Column12-2
Added Net: Name=NetLD1_U_Column13_4
Added Pin To Net: NetName=NetLD1_U_Column14_2 Pin=LD1_U_Column14-2
Added Pin To Net: NetName=NetLD1_U_Column14_2 Pin=LD2_U_Column14-4
Added Net: Name=NetLD1_U_Column14_2
Added Pin To Net: NetName=NetLD1_U_Column14_4 Pin=LD1_U_Column14-4
Added Pin To Net: NetName=NetLD1_U_Column14_4 Pin=LD7_U_Column13-2
Added Net: Name=NetLD1_U_Column14_4
Added Pin To Net: NetName=NetLD1_U_Column15_2 Pin=LD1_U_Column15-2
Added Pin To Net: NetName=NetLD1_U_Column15_2 Pin=LD2_U_Column15-4
Added Net: Name=NetLD1_U_Column15_2
Added Pin To Net: NetName=NetLD1_U_Column15_4 Pin=LD1_U_Column15-4
Added Pin To Net: NetName=NetLD1_U_Column15_4 Pin=LD7_U_Column10-2
Added Net: Name=NetLD1_U_Column15_4
Added Pin To Net: NetName=NetLD2_U_Column1_2 Pin=LD2_U_Column1-2
Added Pin To Net: NetName=NetLD2_U_Column1_2 Pin=LD3_U_Column1-4
Added Net: Name=NetLD2_U_Column1_2
Added Pin To Net: NetName=NetLD2_U_Column2_2 Pin=LD2_U_Column2-2
Added Pin To Net: NetName=NetLD2_U_Column2_2 Pin=LD3_U_Column2-4
Added Net: Name=NetLD2_U_Column2_2
Added Pin To Net: NetName=NetLD2_U_Column3_2 Pin=LD2_U_Column3-2
Added Pin To Net: NetName=NetLD2_U_Column3_2 Pin=LD3_U_Column3-4
Added Net: Name=NetLD2_U_Column3_2
Added Pin To Net: NetName=NetLD2_U_Column4_2 Pin=LD2_U_Column4-2
Added Pin To Net: NetName=NetLD2_U_Column4_2 Pin=LD3_U_Column4-4
Added Net: Name=NetLD2_U_Column4_2
Added Pin To Net: NetName=NetLD2_U_Column5_2 Pin=LD2_U_Column5-2
Added Pin To Net: NetName=NetLD2_U_Column5_2 Pin=LD3_U_Column5-4
Added Net: Name=NetLD2_U_Column5_2
Added Pin To Net: NetName=NetLD2_U_Column6_2 Pin=LD2_U_Column6-2
Added Pin To Net: NetName=NetLD2_U_Column6_2 Pin=LD3_U_Column6-4
Added Net: Name=NetLD2_U_Column6_2
Added Pin To Net: NetName=NetLD2_U_Column7_2 Pin=LD2_U_Column7-2
Added Pin To Net: NetName=NetLD2_U_Column7_2 Pin=LD3_U_Column7-4
Added Net: Name=NetLD2_U_Column7_2
Added Pin To Net: NetName=NetLD2_U_Column8_2 Pin=LD2_U_Column8-2
Added Pin To Net: NetName=NetLD2_U_Column8_2 Pin=LD3_U_Column8-4
Added Net: Name=NetLD2_U_Column8_2
Added Pin To Net: NetName=NetLD2_U_Column9_2 Pin=LD2_U_Column9-2
Added Pin To Net: NetName=NetLD2_U_Column9_2 Pin=LD3_U_Column9-4
Added Net: Name=NetLD2_U_Column9_2
Added Pin To Net: NetName=NetLD2_U_Column10_2 Pin=LD2_U_Column10-2
Added Pin To Net: NetName=NetLD2_U_Column10_2 Pin=LD3_U_Column10-4
Added Net: Name=NetLD2_U_Column10_2
Added Pin To Net: NetName=NetLD2_U_Column12_2 Pin=LD2_U_Column12-2
Added Pin To Net: NetName=NetLD2_U_Column12_2 Pin=LD3_U_Column12-4
Added Net: Name=NetLD2_U_Column12_2
Added Pin To Net: NetName=NetLD2_U_Column13_2 Pin=LD2_U_Column13-2
Added Pin To Net: NetName=NetLD2_U_Column13_2 Pin=LD3_U_Column13-4
Added Net: Name=NetLD2_U_Column13_2
Added Pin To Net: NetName=NetLD2_U_Column14_2 Pin=LD2_U_Column14-2
Added Pin To Net: NetName=NetLD2_U_Column14_2 Pin=LD3_U_Column14-4
Added Net: Name=NetLD2_U_Column14_2
Added Pin To Net: NetName=NetLD2_U_Column15_2 Pin=LD2_U_Column15-2
Added Pin To Net: NetName=NetLD2_U_Column15_2 Pin=LD3_U_Column15-4
Added Net: Name=NetLD2_U_Column15_2
Added Pin To Net: NetName=NetLD3_U_Column1_2 Pin=LD3_U_Column1-2
Added Pin To Net: NetName=NetLD3_U_Column1_2 Pin=LD4_U_Column1-4
Added Net: Name=NetLD3_U_Column1_2
Added Pin To Net: NetName=NetLD3_U_Column2_2 Pin=LD3_U_Column2-2
Added Pin To Net: NetName=NetLD3_U_Column2_2 Pin=LD4_U_Column2-4
Added Net: Name=NetLD3_U_Column2_2
Added Pin To Net: NetName=NetLD3_U_Column3_2 Pin=LD3_U_Column3-2
Added Pin To Net: NetName=NetLD3_U_Column3_2 Pin=LD4_U_Column3-4
Added Net: Name=NetLD3_U_Column3_2
Added Pin To Net: NetName=NetLD3_U_Column4_2 Pin=LD3_U_Column4-2
Added Pin To Net: NetName=NetLD3_U_Column4_2 Pin=LD4_U_Column4-4
Added Net: Name=NetLD3_U_Column4_2
Added Pin To Net: NetName=NetLD3_U_Column5_2 Pin=LD3_U_Column5-2
Added Pin To Net: NetName=NetLD3_U_Column5_2 Pin=LD4_U_Column5-4
Added Net: Name=NetLD3_U_Column5_2
Added Pin To Net: NetName=NetLD3_U_Column6_2 Pin=LD3_U_Column6-2
Added Pin To Net: NetName=NetLD3_U_Column6_2 Pin=LD4_U_Column6-4
Added Net: Name=NetLD3_U_Column6_2
Added Pin To Net: NetName=NetLD3_U_Column7_2 Pin=LD3_U_Column7-2
Added Pin To Net: NetName=NetLD3_U_Column7_2 Pin=LD4_U_Column7-4
Added Net: Name=NetLD3_U_Column7_2
Added Pin To Net: NetName=NetLD3_U_Column8_2 Pin=LD3_U_Column8-2
Added Pin To Net: NetName=NetLD3_U_Column8_2 Pin=LD4_U_Column8-4
Added Net: Name=NetLD3_U_Column8_2
Added Pin To Net: NetName=NetLD3_U_Column9_2 Pin=LD3_U_Column9-2
Added Pin To Net: NetName=NetLD3_U_Column9_2 Pin=LD4_U_Column9-4
Added Net: Name=NetLD3_U_Column9_2
Added Pin To Net: NetName=NetLD3_U_Column10_2 Pin=LD3_U_Column10-2
Added Pin To Net: NetName=NetLD3_U_Column10_2 Pin=LD4_U_Column10-4
Added Net: Name=NetLD3_U_Column10_2
Added Pin To Net: NetName=NetLD3_U_Column12_2 Pin=LD3_U_Column12-2
Added Pin To Net: NetName=NetLD3_U_Column12_2 Pin=LD4_U_Column12-4
Added Net: Name=NetLD3_U_Column12_2
Added Pin To Net: NetName=NetLD3_U_Column13_2 Pin=LD3_U_Column13-2
Added Pin To Net: NetName=NetLD3_U_Column13_2 Pin=LD4_U_Column13-4
Added Net: Name=NetLD3_U_Column13_2
Added Pin To Net: NetName=NetLD3_U_Column14_2 Pin=LD3_U_Column14-2
Added Pin To Net: NetName=NetLD3_U_Column14_2 Pin=LD4_U_Column14-4
Added Net: Name=NetLD3_U_Column14_2
Added Pin To Net: NetName=NetLD3_U_Column15_2 Pin=LD3_U_Column15-2
Added Pin To Net: NetName=NetLD3_U_Column15_2 Pin=LD4_U_Column15-4
Added Net: Name=NetLD3_U_Column15_2
Added Pin To Net: NetName=NetLD4_U_Column1_2 Pin=LD4_U_Column1-2
Added Pin To Net: NetName=NetLD4_U_Column1_2 Pin=LD5_U_Column1-4
Added Net: Name=NetLD4_U_Column1_2
Added Pin To Net: NetName=NetLD4_U_Column2_2 Pin=LD4_U_Column2-2
Added Pin To Net: NetName=NetLD4_U_Column2_2 Pin=LD5_U_Column2-4
Added Net: Name=NetLD4_U_Column2_2
Added Pin To Net: NetName=NetLD4_U_Column3_2 Pin=LD4_U_Column3-2
Added Pin To Net: NetName=NetLD4_U_Column3_2 Pin=LD5_U_Column3-4
Added Net: Name=NetLD4_U_Column3_2
Added Pin To Net: NetName=NetLD4_U_Column4_2 Pin=LD4_U_Column4-2
Added Pin To Net: NetName=NetLD4_U_Column4_2 Pin=LD5_U_Column4-4
Added Net: Name=NetLD4_U_Column4_2
Added Pin To Net: NetName=NetLD4_U_Column5_2 Pin=LD4_U_Column5-2
Added Pin To Net: NetName=NetLD4_U_Column5_2 Pin=LD5_U_Column5-4
Added Net: Name=NetLD4_U_Column5_2
Added Pin To Net: NetName=NetLD4_U_Column6_2 Pin=LD4_U_Column6-2
Added Pin To Net: NetName=NetLD4_U_Column6_2 Pin=LD5_U_Column6-4
Added Net: Name=NetLD4_U_Column6_2
Added Pin To Net: NetName=NetLD4_U_Column7_2 Pin=LD4_U_Column7-2
Added Pin To Net: NetName=NetLD4_U_Column7_2 Pin=LD5_U_Column7-4
Added Net: Name=NetLD4_U_Column7_2
Added Pin To Net: NetName=NetLD4_U_Column8_2 Pin=LD4_U_Column8-2
Added Pin To Net: NetName=NetLD4_U_Column8_2 Pin=LD5_U_Column8-4
Added Net: Name=NetLD4_U_Column8_2
Added Pin To Net: NetName=NetLD4_U_Column9_2 Pin=LD4_U_Column9-2
Added Pin To Net: NetName=NetLD4_U_Column9_2 Pin=LD5_U_Column9-4
Added Net: Name=NetLD4_U_Column9_2
Added Pin To Net: NetName=NetLD4_U_Column10_2 Pin=LD4_U_Column10-2
Added Pin To Net: NetName=NetLD4_U_Column10_2 Pin=LD5_U_Column10-4
Added Net: Name=NetLD4_U_Column10_2
Added Pin To Net: NetName=NetLD4_U_Column12_2 Pin=LD4_U_Column12-2
Added Pin To Net: NetName=NetLD4_U_Column12_2 Pin=LD5_U_Column12-4
Added Net: Name=NetLD4_U_Column12_2
Added Pin To Net: NetName=NetLD4_U_Column13_2 Pin=LD4_U_Column13-2
Added Pin To Net: NetName=NetLD4_U_Column13_2 Pin=LD5_U_Column13-4
Added Net: Name=NetLD4_U_Column13_2
Added Pin To Net: NetName=NetLD4_U_Column14_2 Pin=LD4_U_Column14-2
Added Pin To Net: NetName=NetLD4_U_Column14_2 Pin=LD5_U_Column14-4
Added Net: Name=NetLD4_U_Column14_2
Added Pin To Net: NetName=NetLD4_U_Column15_2 Pin=LD4_U_Column15-2
Added Pin To Net: NetName=NetLD4_U_Column15_2 Pin=LD5_U_Column15-4
Added Net: Name=NetLD4_U_Column15_2
Added Pin To Net: NetName=NetLD5_U_Column1_2 Pin=LD5_U_Column1-2
Added Pin To Net: NetName=NetLD5_U_Column1_2 Pin=LD6_U_Column1-4
Added Net: Name=NetLD5_U_Column1_2
Added Pin To Net: NetName=NetLD5_U_Column2_2 Pin=LD5_U_Column2-2
Added Pin To Net: NetName=NetLD5_U_Column2_2 Pin=LD6_U_Column2-4
Added Net: Name=NetLD5_U_Column2_2
Added Pin To Net: NetName=NetLD5_U_Column3_2 Pin=LD5_U_Column3-2
Added Pin To Net: NetName=NetLD5_U_Column3_2 Pin=LD6_U_Column3-4
Added Net: Name=NetLD5_U_Column3_2
Added Pin To Net: NetName=NetLD5_U_Column4_2 Pin=LD5_U_Column4-2
Added Pin To Net: NetName=NetLD5_U_Column4_2 Pin=LD6_U_Column4-4
Added Net: Name=NetLD5_U_Column4_2
Added Pin To Net: NetName=NetLD5_U_Column5_2 Pin=LD5_U_Column5-2
Added Pin To Net: NetName=NetLD5_U_Column5_2 Pin=LD6_U_Column5-4
Added Net: Name=NetLD5_U_Column5_2
Added Pin To Net: NetName=NetLD5_U_Column6_2 Pin=LD5_U_Column6-2
Added Pin To Net: NetName=NetLD5_U_Column6_2 Pin=LD6_U_Column6-4
Added Net: Name=NetLD5_U_Column6_2
Added Pin To Net: NetName=NetLD5_U_Column7_2 Pin=LD5_U_Column7-2
Added Pin To Net: NetName=NetLD5_U_Column7_2 Pin=LD6_U_Column7-4
Added Net: Name=NetLD5_U_Column7_2
Added Pin To Net: NetName=NetLD5_U_Column8_2 Pin=LD5_U_Column8-2
Added Pin To Net: NetName=NetLD5_U_Column8_2 Pin=LD6_U_Column8-4
Added Net: Name=NetLD5_U_Column8_2
Added Pin To Net: NetName=NetLD5_U_Column9_2 Pin=LD5_U_Column9-2
Added Pin To Net: NetName=NetLD5_U_Column9_2 Pin=LD6_U_Column9-4
Added Net: Name=NetLD5_U_Column9_2
Added Pin To Net: NetName=NetLD5_U_Column10_2 Pin=LD5_U_Column10-2
Added Pin To Net: NetName=NetLD5_U_Column10_2 Pin=LD6_U_Column10-4
Added Net: Name=NetLD5_U_Column10_2
Added Pin To Net: NetName=NetLD5_U_Column12_2 Pin=LD5_U_Column12-2
Added Pin To Net: NetName=NetLD5_U_Column12_2 Pin=LD6_U_Column12-4
Added Net: Name=NetLD5_U_Column12_2
Added Pin To Net: NetName=NetLD5_U_Column13_2 Pin=LD5_U_Column13-2
Added Pin To Net: NetName=NetLD5_U_Column13_2 Pin=LD6_U_Column13-4
Added Net: Name=NetLD5_U_Column13_2
Added Pin To Net: NetName=NetLD5_U_Column14_2 Pin=LD5_U_Column14-2
Added Pin To Net: NetName=NetLD5_U_Column14_2 Pin=LD6_U_Column14-4
Added Net: Name=NetLD5_U_Column14_2
Added Pin To Net: NetName=NetLD5_U_Column15_2 Pin=LD5_U_Column15-2
Added Pin To Net: NetName=NetLD5_U_Column15_2 Pin=LD6_U_Column15-4
Added Net: Name=NetLD5_U_Column15_2
Added Pin To Net: NetName=NetLD6_U_Column1_2 Pin=LD6_U_Column1-2
Added Pin To Net: NetName=NetLD6_U_Column1_2 Pin=LD7_U_Column1-4
Added Net: Name=NetLD6_U_Column1_2
Added Pin To Net: NetName=NetLD6_U_Column2_2 Pin=LD6_U_Column2-2
Added Pin To Net: NetName=NetLD6_U_Column2_2 Pin=LD7_U_Column2-4
Added Net: Name=NetLD6_U_Column2_2
Added Pin To Net: NetName=NetLD6_U_Column3_2 Pin=LD6_U_Column3-2
Added Pin To Net: NetName=NetLD6_U_Column3_2 Pin=LD7_U_Column3-4
Added Net: Name=NetLD6_U_Column3_2
Added Pin To Net: NetName=NetLD6_U_Column4_2 Pin=LD6_U_Column4-2
Added Pin To Net: NetName=NetLD6_U_Column4_2 Pin=LD7_U_Column4-4
Added Net: Name=NetLD6_U_Column4_2
Added Pin To Net: NetName=NetLD6_U_Column5_2 Pin=LD6_U_Column5-2
Added Pin To Net: NetName=NetLD6_U_Column5_2 Pin=LD7_U_Column5-4
Added Net: Name=NetLD6_U_Column5_2
Added Pin To Net: NetName=NetLD6_U_Column6_2 Pin=LD6_U_Column6-2
Added Pin To Net: NetName=NetLD6_U_Column6_2 Pin=LD7_U_Column6-4
Added Net: Name=NetLD6_U_Column6_2
Added Pin To Net: NetName=NetLD6_U_Column7_2 Pin=LD6_U_Column7-2
Added Pin To Net: NetName=NetLD6_U_Column7_2 Pin=LD7_U_Column7-4
Added Net: Name=NetLD6_U_Column7_2
Added Pin To Net: NetName=NetLD6_U_Column8_2 Pin=LD6_U_Column8-2
Added Pin To Net: NetName=NetLD6_U_Column8_2 Pin=LD7_U_Column8-4
Added Net: Name=NetLD6_U_Column8_2
Added Pin To Net: NetName=NetLD6_U_Column9_2 Pin=LD6_U_Column9-2
Added Pin To Net: NetName=NetLD6_U_Column9_2 Pin=LD7_U_Column9-4
Added Net: Name=NetLD6_U_Column9_2
Added Pin To Net: NetName=NetLD6_U_Column10_2 Pin=LD6_U_Column10-2
Added Pin To Net: NetName=NetLD6_U_Column10_2 Pin=LD7_U_Column10-4
Added Net: Name=NetLD6_U_Column10_2
Added Pin To Net: NetName=NetLD6_U_Column12_2 Pin=LD6_U_Column12-2
Added Pin To Net: NetName=NetLD6_U_Column12_2 Pin=LD7_U_Column12-4
Added Net: Name=NetLD6_U_Column12_2
Added Pin To Net: NetName=NetLD6_U_Column13_2 Pin=LD6_U_Column13-2
Added Pin To Net: NetName=NetLD6_U_Column13_2 Pin=LD7_U_Column13-4
Added Net: Name=NetLD6_U_Column13_2
Added Pin To Net: NetName=NetLD6_U_Column14_2 Pin=LD6_U_Column14-2
Added Pin To Net: NetName=NetLD6_U_Column14_2 Pin=LD7_U_Column14-4
Added Net: Name=NetLD6_U_Column14_2
Added Pin To Net: NetName=NetLD6_U_Column15_2 Pin=LD6_U_Column15-2
Added Pin To Net: NetName=NetLD6_U_Column15_2 Pin=LD7_U_Column15-4
Added Net: Name=NetLD6_U_Column15_2
Added Pin To Net: NetName=NetLD7_U_Column7_2 Pin=LD7_U_Column7-2
Added Net: Name=NetLD7_U_Column7_2
Added Pin To Net: NetName=NetLD7_U_Column14_2 Pin=LD7_U_Column14-2
Added Net: Name=NetLD7_U_Column14_2
Added Pin To Net: NetName=NetP3_2 Pin=P3-2
Added Pin To Net: NetName=NetP3_2 Pin=R5-1
Added Pin To Net: NetName=NetP3_2 Pin=U1-33
Added Net: Name=NetP3_2
Added Pin To Net: NetName=NetU1_16 Pin=U1-16
Added Pin To Net: NetName=NetU1_16 Pin=Y1-1
Added Net: Name=NetU1_16
Added Pin To Net: NetName=NetU1_17 Pin=U1-17
Added Pin To Net: NetName=NetU1_17 Pin=Y1-3
Added Net: Name=NetU1_17
Added Pin To Net: NetName=RST Pin=C2-2
Added Pin To Net: NetName=RST Pin=C6-1
Added Pin To Net: NetName=RST Pin=ICSP-5
Added Pin To Net: NetName=RST Pin=R1-1
Added Pin To Net: NetName=RST Pin=U1-13
Added Net: Name=RST
Added Pin To Net: NetName=SIG_BTN1 Pin=J1-A2
Added Pin To Net: NetName=SIG_BTN1 Pin=J1-B2
Added Pin To Net: NetName=SIG_BTN1 Pin=U1-28
Added Net: Name=SIG_BTN1
Added Pin To Net: NetName=SIG_BTN2 Pin=J1-A3
Added Pin To Net: NetName=SIG_BTN2 Pin=J1-B3
Added Pin To Net: NetName=SIG_BTN2 Pin=U1-29
Added Net: Name=SIG_BTN2
Added Pin To Net: NetName=SIG_BTN3 Pin=J1-A10
Added Pin To Net: NetName=SIG_BTN3 Pin=J1-B10
Added Pin To Net: NetName=SIG_BTN3 Pin=U1-30
Added Net: Name=SIG_BTN3
Added Pin To Net: NetName=SIG_BTN4 Pin=J1-A11
Added Pin To Net: NetName=SIG_BTN4 Pin=J1-B11
Added Pin To Net: NetName=SIG_BTN4 Pin=U1-12
Added Net: Name=SIG_BTN4
Added Pin To Net: NetName=SPI_MISO Pin=ICSP-1
Added Pin To Net: NetName=SPI_MISO Pin=U1-11
Added Net: Name=SPI_MISO
Added Pin To Net: NetName=SPI_MOSI Pin=ICSP-4
Added Pin To Net: NetName=SPI_MOSI Pin=U1-10
Added Net: Name=SPI_MOSI
Added Pin To Net: NetName=SPI_SCK Pin=ICSP-3
Added Pin To Net: NetName=SPI_SCK Pin=U1-9
Added Net: Name=SPI_SCK
Added Pin To Net: NetName=UART_RX Pin=P1-4
Added Pin To Net: NetName=UART_RX Pin=U1-20
Added Net: Name=UART_RX
Added Pin To Net: NetName=UART_TX Pin=P1-5
Added Pin To Net: NetName=UART_TX Pin=U1-21
Added Net: Name=UART_TX
Added Class: Name=main
Added Class: Name=U_Column1
Added Class: Name=U_Column2
Added Class: Name=U_Column3
Added Class: Name=U_Column4
Added Class: Name=U_Column5
Added Class: Name=U_Column6
Added Class: Name=U_Column7
Added Class: Name=U_Column8
Added Class: Name=U_Column9
Added Class: Name=U_Column10
Added Class: Name=U_Column12
Added Class: Name=U_Column13
Added Class: Name=U_Column14
Added Class: Name=U_Column15
Added Class: Name=U_Controller
Added Class: Name=U_serpentine2
Added Class: Name=U_serpentine
Added Differential Pair: Name=D
Added Class: Name=Column
