Added Component: Designator=J?(JAE_DX07S024WJ3R400)
Add component (AddParameter): Name = "Availability"; Value = "Unavailable"; VariantName = "[No Variations]"
Add component (AddParameter): Name = "MF"; Value = "{'manufacturer': u'JAE Electronics'}"; VariantName = "[No Variations]"
Add component (AddParameter): Name = "MP"; Value = "DX07S024WJ3R400"; VariantName = "[No Variations]"
Add component (AddParameter): Name = "Package"; Value = "None"; VariantName = "[No Variations]"
Add component (AddParameter): Name = "Price"; Value = "None"; VariantName = "[No Variations]"
Add component (AddParameter): Name = "Value"; Value = ""; VariantName = "[No Variations]"
Added Pin To Net: NetName=GND Pin=J?-A1
Added Pin To Net: NetName=SIG_BTN1 Pin=J?-A2
Added Pin To Net: NetName=SIG_BTN2 Pin=J?-A3
Added Pin To Net: NetName=+5 Pin=J?-A4
Added Pin To Net: NetName=CC1 Pin=J?-A5
Added Pin To Net: NetName=D_P Pin=J?-A6
Added Pin To Net: NetName=D_N Pin=J?-A7
Added Pin To Net: NetName=+5 Pin=J?-A9
Added Pin To Net: NetName=SIG_BTN3 Pin=J?-A10
Added Pin To Net: NetName=SIG_BTN4 Pin=J?-A11
Added Pin To Net: NetName=GND Pin=J?-B1
Added Pin To Net: NetName=SIG_BTN1 Pin=J?-B2
Added Pin To Net: NetName=SIG_BTN2 Pin=J?-B3
Added Pin To Net: NetName=+5 Pin=J?-B4
Added Pin To Net: NetName=CC2 Pin=J?-B5
Added Pin To Net: NetName=D_P Pin=J?-B6
Added Pin To Net: NetName=D_N Pin=J?-B7
Added Pin To Net: NetName=+5 Pin=J?-B9
Added Pin To Net: NetName=SIG_BTN3 Pin=J?-B10
Added Pin To Net: NetName=SIG_BTN4 Pin=J?-B11
Added Member To Class: ClassName=main Member=Component J? DX07S024WJ3R400
