Added Net: Name=+5
Added Net: Name=A0
Added Net: Name=A1
Added Net: Name=BAT+
Added Net: Name=BAT-
Added Net: Name=CC1
Added Net: Name=CC2
Added Net: Name=CTRL_SIG1
Added Net: Name=CTRL_SIG2
Added Net: Name=CTRL_SIG3
Added Net: Name=CTRL_SIG4
Added Net: Name=D2
Added Net: Name=D3
Added Net: Name=D4
Added Net: Name=D_N
Added Net: Name=D_P
Added Net: Name=DO1
Added Net: Name=DO2
Added Net: Name=GND
Added Net: Name=Indicator
Added Net: Name=NetC5_1
Added Net: Name=NetC6_2
Added Net: Name=NetC21_1
Added Net: Name=NetD1_1
Added Net: Name=NetJ1_A8
Added Net: Name=NetLD1_U_Column1_2
Added Net: Name=NetLD1_U_Column2_2
Added Net: Name=NetLD1_U_Column2_4
Added Net: Name=NetLD1_U_Column3_2
Added Net: Name=NetLD1_U_Column3_4
Added Net: Name=NetLD1_U_Column4_2
Added Net: Name=NetLD1_U_Column4_4
Added Net: Name=NetLD1_U_Column5_2
Added Net: Name=NetLD1_U_Column5_4
Added Net: Name=NetLD1_U_Column6_2
Added Net: Name=NetLD1_U_Column6_4
Added Net: Name=NetLD1_U_Column7_2
Added Net: Name=NetLD1_U_Column7_4
Added Net: Name=NetLD1_U_Column8_2
Added Net: Name=NetLD1_U_Column9_2
Added Net: Name=NetLD1_U_Column9_4
Added Net: Name=NetLD1_U_Column10_2
Added Net: Name=NetLD1_U_Column10_4
Added Net: Name=NetLD1_U_Column12_2
Added Net: Name=NetLD1_U_Column12_4
Added Net: Name=NetLD1_U_Column13_2
Added Net: Name=NetLD1_U_Column13_4
Added Net: Name=NetLD1_U_Column14_2
Added Net: Name=NetLD1_U_Column14_4
Added Net: Name=NetLD1_U_Column15_2
Added Net: Name=NetLD1_U_Column15_4
Added Net: Name=NetLD2_U_Column1_2
Added Net: Name=NetLD2_U_Column2_2
Added Net: Name=NetLD2_U_Column3_2
Added Net: Name=NetLD2_U_Column4_2
Added Net: Name=NetLD2_U_Column5_2
Added Net: Name=NetLD2_U_Column6_2
Added Net: Name=NetLD2_U_Column7_2
Added Net: Name=NetLD2_U_Column8_2
Added Net: Name=NetLD2_U_Column9_2
Added Net: Name=NetLD2_U_Column10_2
Added Net: Name=NetLD2_U_Column12_2
Added Net: Name=NetLD2_U_Column13_2
Added Net: Name=NetLD2_U_Column14_2
Added Net: Name=NetLD2_U_Column15_2
Added Net: Name=NetLD3_U_Column1_2
Added Net: Name=NetLD3_U_Column2_2
Added Net: Name=NetLD3_U_Column3_2
Added Net: Name=NetLD3_U_Column4_2
Added Net: Name=NetLD3_U_Column5_2
Added Net: Name=NetLD3_U_Column6_2
Added Net: Name=NetLD3_U_Column7_2
Added Net: Name=NetLD3_U_Column8_2
Added Net: Name=NetLD3_U_Column9_2
Added Net: Name=NetLD3_U_Column10_2
Added Net: Name=NetLD3_U_Column12_2
Added Net: Name=NetLD3_U_Column13_2
Added Net: Name=NetLD3_U_Column14_2
Added Net: Name=NetLD3_U_Column15_2
Added Net: Name=NetLD4_U_Column1_2
Added Net: Name=NetLD4_U_Column2_2
Added Net: Name=NetLD4_U_Column3_2
Added Net: Name=NetLD4_U_Column4_2
Added Net: Name=NetLD4_U_Column5_2
Added Net: Name=NetLD4_U_Column6_2
Added Net: Name=NetLD4_U_Column7_2
Added Net: Name=NetLD4_U_Column8_2
Added Net: Name=NetLD4_U_Column9_2
Added Net: Name=NetLD4_U_Column10_2
Added Net: Name=NetLD4_U_Column12_2
Added Net: Name=NetLD4_U_Column13_2
Added Net: Name=NetLD4_U_Column14_2
Added Net: Name=NetLD4_U_Column15_2
Added Net: Name=NetLD5_U_Column1_2
Added Net: Name=NetLD5_U_Column2_2
Added Net: Name=NetLD5_U_Column3_2
Added Net: Name=NetLD5_U_Column4_2
Added Net: Name=NetLD5_U_Column5_2
Added Net: Name=NetLD5_U_Column6_2
Added Net: Name=NetLD5_U_Column7_2
Added Net: Name=NetLD5_U_Column8_2
Added Net: Name=NetLD5_U_Column9_2
Added Net: Name=NetLD5_U_Column10_2
Added Net: Name=NetLD5_U_Column12_2
Added Net: Name=NetLD5_U_Column13_2
Added Net: Name=NetLD5_U_Column14_2
Added Net: Name=NetLD5_U_Column15_2
Added Net: Name=NetLD6_U_Column1_2
Added Net: Name=NetLD6_U_Column2_2
Added Net: Name=NetLD6_U_Column3_2
Added Net: Name=NetLD6_U_Column4_2
Added Net: Name=NetLD6_U_Column5_2
Added Net: Name=NetLD6_U_Column6_2
Added Net: Name=NetLD6_U_Column7_2
Added Net: Name=NetLD6_U_Column8_2
Added Net: Name=NetLD6_U_Column9_2
Added Net: Name=NetLD6_U_Column10_2
Added Net: Name=NetLD6_U_Column12_2
Added Net: Name=NetLD6_U_Column13_2
Added Net: Name=NetLD6_U_Column14_2
Added Net: Name=NetLD6_U_Column15_2
Added Net: Name=NetLD7_U_Column7_2
Added Net: Name=NetLD7_U_Column14_2
Added Net: Name=NetP3_2
Added Net: Name=NetU1_16
Added Net: Name=NetU1_17
Added Net: Name=RST
Added Net: Name=SIG_BTN1
Added Net: Name=SIG_BTN2
Added Net: Name=SIG_BTN3
Added Net: Name=SIG_BTN4
Added Net: Name=SPI_MISO
Added Net: Name=SPI_MOSI
Added Net: Name=SPI_SCK
Added Net: Name=UART_RX
Added Net: Name=UART_TX
Added Differential Pair: Name=D
