Removed Pin From Net: NetName=D_N Pin=U1-3
Removed Pin From Net: NetName=D_P Pin=U1-4
Added Component: Designator=R8(RES0805)
Added Component: Designator=R9(RES0805)
Added Pin To Net: NetName=D_N Pin=R8-1
Added Pin To Net: NetName=D_P Pin=R9-1
Added Pin To Net: NetName=NetR8_2 Pin=R8-2
Added Pin To Net: NetName=NetR8_2 Pin=U1-3
Added Net: Name=NetR8_2
Added Pin To Net: NetName=NetR9_2 Pin=R9-2
Added Pin To Net: NetName=NetR9_2 Pin=U1-4
Added Net: Name=NetR9_2
Added Member To Class: ClassName=U_Controller Member=Component 1 Res1
Added Member To Class: ClassName=main Member=Component R8 22
Added Member To Class: ClassName=main Member=Component R9 22
Added Room: Name=main
Added Room: Name=U_Column1
Added Room: Name=U_Column2
Added Room: Name=U_Column3
Added Room: Name=U_Column4
Added Room: Name=U_Column5
Added Room: Name=U_Column6
Added Room: Name=U_Column7
Added Room: Name=U_Column8
Added Room: Name=U_Column9
Added Room: Name=U_Column10
Added Room: Name=U_Column12
Added Room: Name=U_Column13
Added Room: Name=U_Column14
Added Room: Name=U_Column15
Added Room: Name=U_Controller
Added Room: Name=U_serpentine2
Added Room: Name=U_serpentine
