Added Component: Designator=BAT+(kabelhål USB)
Added Component: Designator=BAT-(kabelhål USB)
Added Component: Designator=D1(LED0805)
Added Component: Designator=J1(USB_C_Receptacle_Amphenol_12401548E4-2A)
Add component (AddParameter): Name = "Automotive"; Value = "No"; VariantName = "[No Variations]"
Add component (AddParameter): Name = "Category"; Value = "Conn"; VariantName = "[No Variations]"
Add component (AddParameter): Name = "ComponentLink2Description"; Value = "Datasheet"; VariantName = "[No Variations]"
Add component (AddParameter): Name = "ComponentLink2URL"; Value = "https://www.molex.com/webdocs/datasheets/pdf/en-us/1054500101_IO_CONNECTORS.pdf"; VariantName = "[No Variations]"
Add component (AddParameter): Name = "Conn Orientation"; Value = "Right Angle"; VariantName = "[No Variations]"
Add component (AddParameter): Name = "Contact Material"; Value = "Gold,Nickel"; VariantName = "[No Variations]"
Add component (AddParameter): Name = "Current Rating"; Value = "0.25/1.25/5A"; VariantName = "[No Variations]"
Add component (AddParameter): Name = "Device Class L1"; Value = "Connectors"; VariantName = "[No Variations]"
Add component (AddParameter): Name = "Device Class L2"; Value = "USB Connectors"; VariantName = "[No Variations]"
Add component (AddParameter): Name = "Device Class L3"; Value = "unset"; VariantName = "[No Variations]"
Add component (AddParameter): Name = "Digikey Description"; Value = "CONN RCP USB3.1 TYPEC 24P SMD RA"; VariantName = "[No Variations]"
Add component (AddParameter): Name = "Footprint Url"; Value = "https://www.molex.com/pdm_docs/sd/1054500101_sd.pdf"; VariantName = "[No Variations]"
Add component (AddParameter): Name = "Height"; Value = "3.44mm"; VariantName = "[No Variations]"
Add component (AddParameter): Name = "Is Female"; Value = "yes"; VariantName = "[No Variations]"
Add component (AddParameter): Name = "Lead Free"; Value = "Yes"; VariantName = "[No Variations]"
Add component (AddParameter): Name = "Manufacturer"; Value = "Molex"; VariantName = "[No Variations]"
Add component (AddParameter): Name = "Manufacturer Part Number"; Value = "1054500101"; VariantName = "[No Variations]"
Add component (AddParameter): Name = "Mouser Description"; Value = "USB Shielded I/O Receptacle; Type C; Right Angle; Surface Mount; Gold over Nickel"; VariantName = "[No Variations]"
Add component (AddParameter): Name = "Number Of Contacts"; Value = "24"; VariantName = "[No Variations]"
Add component (AddParameter): Name = "Octopart"; Value = "https://octopart.com/105450-0101-molex-68082325"; VariantName = "[No Variations]"
Add component (AddParameter): Name = "Package"; Value = "0"; VariantName = "[No Variations]"
Add component (AddParameter): Name = "Pitch"; Value = "0.5mm"; VariantName = "[No Variations]"
Add component (AddParameter): Name = "RoHS"; Value = "TRUE"; VariantName = "[No Variations]"
Add component (AddParameter): Name = "Shielding"; Value = "true"; VariantName = "[No Variations]"
Add component (AddParameter): Name = "Temperature"; Value = "-30°C to +85°C"; VariantName = "[No Variations]"
Add component (AddParameter): Name = "Temperature Range High"; Value = "+85°C"; VariantName = "[No Variations]"
Add component (AddParameter): Name = "Temperature Range Low"; Value = "-30°C"; VariantName = "[No Variations]"
Add component (AddParameter): Name = "Usb Standard"; Value = "USB 3.1"; VariantName = "[No Variations]"
Add component (AddParameter): Name = "Voltage Rating"; Value = "30V"; VariantName = "[No Variations]"
Added Component: Designator=R2(RES0805)
Added Component: Designator=R6(RES0805)
Added Component: Designator=SW1(Btn_Vert)
Added Component: Designator=SW3(Btn_Vert)
Added Component: Designator=SW4(Btn_Horiz)
Added Component: Designator=SW5(Btn_Horiz)
Added Pin To Net: NetName=BAT+ Pin=BAT+-1
Added Pin To Net: NetName=BAT- Pin=BAT--1
Added Pin To Net: NetName=NetD1_1 Pin=D1-1
Added Pin To Net: NetName=Indicator Pin=D1-2
Added Pin To Net: NetName=+5 Pin=R2-1
Added Pin To Net: NetName=NetD1_1 Pin=R2-2
Added Pin To Net: NetName=CC1 Pin=R6-1
Added Pin To Net: NetName=GND Pin=R6-2
Added Pin To Net: NetName=BAT- Pin=SW1-0
Added Pin To Net: NetName=CTRL_SIG1 Pin=SW1-1
Added Pin To Net: NetName=CTRL_SIG4 Pin=SW3-0
Added Pin To Net: NetName=BAT- Pin=SW3-1
Added Pin To Net: NetName=BAT- Pin=SW4-2
Added Pin To Net: NetName=CTRL_SIG3 Pin=SW4-4
Added Pin To Net: NetName=BAT- Pin=SW5-2
Added Pin To Net: NetName=CTRL_SIG2 Pin=SW5-4
Added Member To Class: ClassName=U_Controller Member=Component BAT+ kabelhål
Added Member To Class: ClassName=U_Controller Member=Component BAT- kabelhål
Added Member To Class: ClassName=main Member=Component D1 LED green
Added Member To Class: ClassName=main Member=Component J1 1054500101
Added Member To Class: ClassName=main Member=Component R2 1K
Added Member To Class: ClassName=main Member=Component R6 5.1K
Added Member To Class: ClassName=U_Controller Member=Component SW1 Vertical switch
Added Member To Class: ClassName=U_Controller Member=Component SW3 Vertical switch
Added Member To Class: ClassName=U_Controller Member=Component SW4 Horizontal button
Added Member To Class: ClassName=U_Controller Member=Component SW5 Horizontal button
Added Room: Name=main
Added Room: Name=U_Column1
Added Room: Name=U_Column2
Added Room: Name=U_Column3
Added Room: Name=U_Column4
Added Room: Name=U_Column5
Added Room: Name=U_Column6
Added Room: Name=U_Column7
Added Room: Name=U_Column8
Added Room: Name=U_Column9
Added Room: Name=U_Column10
Added Room: Name=U_Column12
Added Room: Name=U_Column13
Added Room: Name=U_Column14
Added Room: Name=U_Column15
Added Room: Name=U_Controller
Added Room: Name=U_serpentine2
Added Room: Name=U_serpentine
